#
# There is insufficient memory for the Java Runtime Environment to continue.
# Native memory allocation (malloc) failed to allocate 2125776 bytes for Chunk::new
# Possible reasons:
#   The system is out of physical RAM or swap space
#   The process is running with CompressedOops enabled, and the Java Heap may be blocking the growth of the native heap
# Possible solutions:
#   Reduce memory load on the system
#   Increase physical memory or swap space
#   Check if swap backing store is full
#   Decrease Java heap size (-Xmx/-Xms)
#   Decrease number of Java threads
#   Decrease Java thread stack sizes (-Xss)
#   Set larger code cache with -XX:ReservedCodeCacheSize=
#   JVM is running with Unscaled Compressed Oops mode in which the Java heap is
#     placed in the first 4GB address space. The Java Heap base address is the
#     maximum limit for the native heap growth. Please use -XX:HeapBaseMinAddress
#     to set the Java Heap base and to place the Java Heap above 4GB virtual address.
# This output file may be truncated or incomplete.
#
#  Out of Memory Error (allocation.cpp:389), pid=11604, tid=0x0000000000004db8
#
# JRE version: OpenJDK Runtime Environment (8.0_242-b01) (build 1.8.0_242-release-1644-b01)
# Java VM: OpenJDK 64-Bit Server VM (25.242-b01 mixed mode windows-amd64 compressed oops)
# Failed to write core dump. Minidumps are not enabled by default on client versions of Windows
#

---------------  T H R E A D  ---------------

Current thread (0x0000000019b2a000):  JavaThread "C2 CompilerThread2" daemon [_thread_in_native, id=19896, stack(0x000000001a5f0000,0x000000001a6f0000)]

Stack: [0x000000001a5f0000,0x000000001a6f0000]
[error occurred during error reporting (printing stack bounds), id 0xc0000005]

Native frames: (J=compiled Java code, j=interpreted, Vv=VM code, C=native code)


Current CompileTask:
C2:2053855 17620       4       com.android.tools.r8.z.a.a.f::a (6058 bytes)


---------------  P R O C E S S  ---------------

Java Threads: ( => current thread )
  0x0000000021866000 JavaThread "stdout" [_thread_in_native, id=14004, stack(0x00000000328a0000,0x00000000329a0000)]
  0x0000000021864000 JavaThread "stderr" [_thread_in_native, id=23100, stack(0x00000000327a0000,0x00000000328a0000)]
  0x0000000021863000 JavaThread "stdout" [_thread_in_native, id=17120, stack(0x00000000326a0000,0x00000000327a0000)]
  0x0000000021861800 JavaThread "stderr" [_thread_in_native, id=22880, stack(0x00000000325a0000,0x00000000326a0000)]
  0x0000000021865800 JavaThread "stdout" [_thread_in_native, id=1424, stack(0x00000000324a0000,0x00000000325a0000)]
  0x0000000021864800 JavaThread "stderr" [_thread_in_native, id=23188, stack(0x00000000323a0000,0x00000000324a0000)]
  0x0000000021861000 JavaThread "stdout" [_thread_in_native, id=17204, stack(0x00000000322a0000,0x00000000323a0000)]
  0x0000000021862800 JavaThread "stderr" [_thread_in_native, id=13948, stack(0x00000000321a0000,0x00000000322a0000)]
  0x0000000021858800 JavaThread "stdout" [_thread_in_native, id=24388, stack(0x00000000320a0000,0x00000000321a0000)]
  0x000000002185f800 JavaThread "stderr" [_thread_in_native, id=10288, stack(0x0000000031fa0000,0x00000000320a0000)]
  0x0000000021858000 JavaThread "stdout" [_thread_in_native, id=20248, stack(0x0000000031ea0000,0x0000000031fa0000)]
  0x000000002185d000 JavaThread "stderr" [_thread_in_native, id=3856, stack(0x0000000031da0000,0x0000000031ea0000)]
  0x000000002185e800 JavaThread "stdout" [_thread_in_native, id=17244, stack(0x0000000031ca0000,0x0000000031da0000)]
  0x000000002185b800 JavaThread "stderr" [_thread_in_native, id=18776, stack(0x0000000031ba0000,0x0000000031ca0000)]
  0x000000002185e000 JavaThread "stdout" [_thread_in_native, id=24392, stack(0x0000000031aa0000,0x0000000031ba0000)]
  0x000000002185b000 JavaThread "stderr" [_thread_in_native, id=17892, stack(0x00000000319a0000,0x0000000031aa0000)]
  0x000000002185c800 JavaThread "pool-8-thread-1" [_thread_blocked, id=20976, stack(0x0000000031710000,0x0000000031810000)]
  0x0000000024e2d000 JavaThread "MarlinRenderer Disposer" daemon [_thread_blocked, id=19928, stack(0x00000000314b0000,0x00000000315b0000)]
  0x0000000024e2b800 JavaThread "Java2D Disposer" daemon [_thread_blocked, id=19276, stack(0x0000000031110000,0x0000000031210000)]
  0x0000000024e2c000 JavaThread "WorkerExecutor Queue Thread 8" [_thread_blocked, id=17832, stack(0x0000000030e10000,0x0000000030f10000)]
  0x0000000024e2e800 JavaThread "WorkerExecutor Queue Thread 7" [_thread_blocked, id=11168, stack(0x0000000030d10000,0x0000000030e10000)]
  0x0000000024e2a800 JavaThread "WorkerExecutor Queue Thread 6" [_thread_blocked, id=16824, stack(0x0000000030a10000,0x0000000030b10000)]
  0x0000000024e2a000 JavaThread "WorkerExecutor Queue Thread 5" [_thread_blocked, id=12596, stack(0x0000000030910000,0x0000000030a10000)]
  0x0000000024e2d800 JavaThread "WorkerExecutor Queue Thread 4" [_thread_blocked, id=25780, stack(0x0000000030810000,0x0000000030910000)]
  0x0000000024e29000 JavaThread "WorkerExecutor Queue Thread 3" [_thread_blocked, id=23512, stack(0x0000000030710000,0x0000000030810000)]
  0x0000000024e22800 JavaThread "WorkerExecutor Queue Thread 2" [_thread_blocked, id=26364, stack(0x0000000030610000,0x0000000030710000)]
  0x0000000024e25800 JavaThread "WorkerExecutor Queue" [_thread_blocked, id=4520, stack(0x0000000030510000,0x0000000030610000)]
  0x0000000024e26000 JavaThread "Cache worker for execution history cache (C:\Users\Admin\AndroidStudioProjects\GiaiPTBac2\.gradle\6.5\executionHistory)" [_thread_blocked, id=15700, stack(0x0000000030410000,0x0000000030510000)]
  0x0000000024e27800 JavaThread "Execution worker for ':' Thread 7" [_thread_blocked, id=23332, stack(0x0000000030310000,0x0000000030410000)]
  0x0000000024e24000 JavaThread "Execution worker for ':' Thread 6" [_thread_blocked, id=20440, stack(0x0000000030210000,0x0000000030310000)]
  0x0000000024e20000 JavaThread "Execution worker for ':' Thread 5" [_thread_blocked, id=19316, stack(0x0000000030110000,0x0000000030210000)]
  0x0000000024e27000 JavaThread "Execution worker for ':' Thread 4" [_thread_blocked, id=2328, stack(0x000000002fe10000,0x000000002ff10000)]
  0x0000000024e24800 JavaThread "Execution worker for ':' Thread 3" [_thread_blocked, id=5404, stack(0x000000002e2d0000,0x000000002e3d0000)]
  0x0000000024e21000 JavaThread "Execution worker for ':' Thread 2" [_thread_blocked, id=14580, stack(0x000000002dcc0000,0x000000002ddc0000)]
  0x0000000024e23000 JavaThread "Execution worker for ':'" [_thread_blocked, id=26340, stack(0x000000002dbc0000,0x000000002dcc0000)]
  0x0000000024e1f800 JavaThread "Cache worker for file content cache (C:\Users\Admin\AndroidStudioProjects\GiaiPTBac2\.gradle\6.5\fileContent)" [_thread_blocked, id=12988, stack(0x000000002b520000,0x000000002b620000)]
  0x0000000019b51000 JavaThread "Cache worker for Build Output Cleanup Cache (C:\Users\Admin\AndroidStudioProjects\GiaiPTBac2\.gradle\buildOutputCleanup)" [_thread_blocked, id=17692, stack(0x000000002b220000,0x000000002b320000)]
  0x0000000019b4f800 JavaThread "jar transforms Thread 276" [_thread_blocked, id=13708, stack(0x000000002b120000,0x000000002b220000)]
  0x0000000019b4e800 JavaThread "jar transforms Thread 275" [_thread_blocked, id=1524, stack(0x000000002b020000,0x000000002b120000)]
  0x0000000019b4e000 JavaThread "jar transforms Thread 274" [_thread_blocked, id=24668, stack(0x000000002af20000,0x000000002b020000)]
  0x0000000019b51800 JavaThread "jar transforms Thread 273" [_thread_blocked, id=19680, stack(0x000000002ae20000,0x000000002af20000)]
  0x0000000019b53000 JavaThread "jar transforms Thread 272" [_thread_blocked, id=25988, stack(0x000000002ad20000,0x000000002ae20000)]
  0x0000000019b55000 JavaThread "jar transforms Thread 271" [_thread_blocked, id=6368, stack(0x000000002ac20000,0x000000002ad20000)]
  0x0000000019b52800 JavaThread "jar transforms Thread 270" [_thread_blocked, id=1460, stack(0x000000002ab20000,0x000000002ac20000)]
  0x0000000019b54000 JavaThread "jar transforms Thread 269" [_thread_blocked, id=5444, stack(0x000000002aa20000,0x000000002ab20000)]
  0x0000000019b46800 JavaThread "jar transforms Thread 268" [_thread_blocked, id=9076, stack(0x000000002a920000,0x000000002aa20000)]
  0x0000000019b4d000 JavaThread "jar transforms Thread 267" [_thread_blocked, id=19508, stack(0x000000002a820000,0x000000002a920000)]
  0x0000000019b48800 JavaThread "jar transforms Thread 266" [_thread_blocked, id=2868, stack(0x000000002a430000,0x000000002a530000)]
  0x0000000019b45800 JavaThread "jar transforms Thread 265" [_thread_blocked, id=20600, stack(0x000000002a330000,0x000000002a430000)]
  0x0000000019b48000 JavaThread "jar transforms Thread 264" [_thread_blocked, id=808, stack(0x000000002a230000,0x000000002a330000)]
  0x0000000019b4c800 JavaThread "jar transforms Thread 263" [_thread_blocked, id=22592, stack(0x000000002a130000,0x000000002a230000)]
  0x0000000019b4b800 JavaThread "jar transforms Thread 262" [_thread_blocked, id=25716, stack(0x000000002a030000,0x000000002a130000)]
  0x0000000019b4a000 JavaThread "jar transforms Thread 261" [_thread_blocked, id=26500, stack(0x0000000029f30000,0x000000002a030000)]
  0x0000000019b49800 JavaThread "jar transforms Thread 260" [_thread_blocked, id=13808, stack(0x0000000029e30000,0x0000000029f30000)]
  0x0000000019b4b000 JavaThread "jar transforms Thread 259" [_thread_blocked, id=23024, stack(0x0000000029d30000,0x0000000029e30000)]
  0x0000000019b47000 JavaThread "jar transforms Thread 258" [_thread_blocked, id=16444, stack(0x0000000029c30000,0x0000000029d30000)]
  0x0000000025488000 JavaThread "jar transforms Thread 257" [_thread_blocked, id=1604, stack(0x0000000029b30000,0x0000000029c30000)]
  0x0000000025485000 JavaThread "jar transforms Thread 256" [_thread_blocked, id=16416, stack(0x0000000029a30000,0x0000000029b30000)]
  0x0000000025487000 JavaThread "jar transforms Thread 255" [_thread_blocked, id=26208, stack(0x0000000029930000,0x0000000029a30000)]
  0x0000000025483800 JavaThread "jar transforms Thread 254" [_thread_blocked, id=24760, stack(0x0000000029830000,0x0000000029930000)]
  0x0000000025484000 JavaThread "jar transforms Thread 253" [_thread_blocked, id=4792, stack(0x0000000029730000,0x0000000029830000)]
  0x0000000025486800 JavaThread "jar transforms Thread 252" [_thread_blocked, id=19368, stack(0x0000000029630000,0x0000000029730000)]
  0x0000000025485800 JavaThread "jar transforms Thread 251" [_thread_blocked, id=20288, stack(0x0000000029530000,0x0000000029630000)]
  0x000000002547c000 JavaThread "jar transforms Thread 250" [_thread_blocked, id=18420, stack(0x0000000029430000,0x0000000029530000)]
  0x0000000025482800 JavaThread "jar transforms Thread 249" [_thread_blocked, id=26468, stack(0x0000000029330000,0x0000000029430000)]
  0x000000002547b000 JavaThread "jar transforms Thread 248" [_thread_blocked, id=14300, stack(0x0000000029230000,0x0000000029330000)]
  0x0000000025482000 JavaThread "jar transforms Thread 247" [_thread_blocked, id=23364, stack(0x0000000029130000,0x0000000029230000)]
  0x000000002547a800 JavaThread "jar transforms Thread 246" [_thread_blocked, id=9260, stack(0x0000000029030000,0x0000000029130000)]
  0x000000002547e000 JavaThread "jar transforms Thread 245" [_thread_blocked, id=22604, stack(0x0000000028f30000,0x0000000029030000)]
  0x0000000025481000 JavaThread "jar transforms Thread 244" [_thread_blocked, id=23520, stack(0x0000000028e30000,0x0000000028f30000)]
  0x0000000025480800 JavaThread "jar transforms Thread 243" [_thread_blocked, id=20532, stack(0x0000000028d30000,0x0000000028e30000)]
  0x000000002547d800 JavaThread "jar transforms Thread 242" [_thread_blocked, id=24356, stack(0x0000000028c30000,0x0000000028d30000)]
  0x0000000025479800 JavaThread "jar transforms Thread 241" [_thread_blocked, id=12148, stack(0x0000000028b30000,0x0000000028c30000)]
  0x0000000025479000 JavaThread "jar transforms Thread 240" [_thread_blocked, id=21152, stack(0x0000000028a30000,0x0000000028b30000)]
  0x000000002547f000 JavaThread "jar transforms Thread 239" [_thread_blocked, id=3808, stack(0x0000000028930000,0x0000000028a30000)]
  0x000000002547f800 JavaThread "jar transforms Thread 238" [_thread_blocked, id=24824, stack(0x0000000028830000,0x0000000028930000)]
  0x000000002547c800 JavaThread "jar transforms Thread 237" [_thread_blocked, id=10644, stack(0x0000000028730000,0x0000000028830000)]
  0x000000001fd89000 JavaThread "jar transforms Thread 236" [_thread_blocked, id=2640, stack(0x0000000028630000,0x0000000028730000)]
  0x000000001fd87800 JavaThread "jar transforms Thread 235" [_thread_blocked, id=17008, stack(0x0000000028530000,0x0000000028630000)]
  0x000000001fd83000 JavaThread "jar transforms Thread 234" [_thread_blocked, id=22864, stack(0x0000000028430000,0x0000000028530000)]
  0x000000001fd81800 JavaThread "jar transforms Thread 233" [_thread_blocked, id=17380, stack(0x0000000028330000,0x0000000028430000)]
  0x000000001fd88000 JavaThread "jar transforms Thread 232" [_thread_blocked, id=23880, stack(0x0000000028230000,0x0000000028330000)]
  0x000000001fd82000 JavaThread "jar transforms Thread 231" [_thread_blocked, id=24396, stack(0x0000000028130000,0x0000000028230000)]
  0x000000001fd84800 JavaThread "jar transforms Thread 230" [_thread_blocked, id=24156, stack(0x0000000028030000,0x0000000028130000)]
  0x000000001fd86000 JavaThread "jar transforms Thread 229" [_thread_blocked, id=25680, stack(0x0000000027f30000,0x0000000028030000)]
  0x000000001fd86800 JavaThread "jar transforms Thread 228" [_thread_blocked, id=23092, stack(0x0000000027e30000,0x0000000027f30000)]
  0x000000001fd85000 JavaThread "jar transforms Thread 227" [_thread_blocked, id=11472, stack(0x0000000027d30000,0x0000000027e30000)]
  0x000000001fd83800 JavaThread "jar transforms Thread 226" [_thread_blocked, id=17944, stack(0x0000000027c30000,0x0000000027d30000)]
  0x000000001fd7a000 JavaThread "jar transforms Thread 225" [_thread_blocked, id=16180, stack(0x0000000027b30000,0x0000000027c30000)]
  0x000000001fd80000 JavaThread "jar transforms Thread 224" [_thread_blocked, id=26204, stack(0x0000000027a30000,0x0000000027b30000)]
  0x000000001fd7d000 JavaThread "jar transforms Thread 223" [_thread_blocked, id=2500, stack(0x0000000027930000,0x0000000027a30000)]
  0x000000001fd7a800 JavaThread "jar transforms Thread 222" [_thread_blocked, id=21364, stack(0x0000000027830000,0x0000000027930000)]
  0x000000001fd80800 JavaThread "jar transforms Thread 221" [_thread_blocked, id=24148, stack(0x0000000027730000,0x0000000027830000)]
  0x000000001fd7e800 JavaThread "jar transforms Thread 220" [_thread_blocked, id=2124, stack(0x0000000027630000,0x0000000027730000)]
  0x000000001fd7d800 JavaThread "jar transforms Thread 219" [_thread_blocked, id=19260, stack(0x0000000027530000,0x0000000027630000)]
  0x000000001fd7b800 JavaThread "jar transforms Thread 218" [_thread_blocked, id=24888, stack(0x0000000027430000,0x0000000027530000)]
  0x000000001fd7f000 JavaThread "jar transforms Thread 217" [_thread_blocked, id=24808, stack(0x0000000027330000,0x0000000027430000)]
  0x000000001fd7c000 JavaThread "jar transforms Thread 216" [_thread_blocked, id=18268, stack(0x0000000027230000,0x0000000027330000)]
  0x000000001bfe3000 JavaThread "jar transforms Thread 215" [_thread_blocked, id=21192, stack(0x0000000027130000,0x0000000027230000)]
  0x000000001bfe2800 JavaThread "jar transforms Thread 214" [_thread_blocked, id=24532, stack(0x0000000026e30000,0x0000000026f30000)]
  0x000000001bfe1800 JavaThread "jar transforms Thread 213" [_thread_blocked, id=9140, stack(0x0000000026d30000,0x0000000026e30000)]
  0x000000001bfe1000 JavaThread "jar transforms Thread 212" [_thread_blocked, id=18392, stack(0x0000000026c30000,0x0000000026d30000)]
  0x000000001bfe0000 JavaThread "jar transforms Thread 211" [_thread_blocked, id=5820, stack(0x0000000026b30000,0x0000000026c30000)]
  0x000000001bfdf800 JavaThread "jar transforms Thread 210" [_thread_blocked, id=22800, stack(0x0000000026780000,0x0000000026880000)]
  0x000000001bfdc800 JavaThread "jar transforms Thread 209" [_thread_blocked, id=10216, stack(0x0000000026680000,0x0000000026780000)]
  0x000000001bfde800 JavaThread "jar transforms Thread 208" [_thread_blocked, id=12852, stack(0x0000000026300000,0x0000000026400000)]
  0x000000001bfdd000 JavaThread "jar transforms Thread 207" [_thread_blocked, id=25668, stack(0x0000000026200000,0x0000000026300000)]
  0x000000001bfde000 JavaThread "jar transforms Thread 206" [_thread_blocked, id=19580, stack(0x0000000025c90000,0x0000000025d90000)]
  0x000000001c67c000 JavaThread "jar transforms Thread 205" [_thread_blocked, id=5728, stack(0x00000000247b0000,0x00000000248b0000)]
  0x000000001c676000 JavaThread "jar transforms Thread 204" [_thread_blocked, id=23504, stack(0x0000000023e10000,0x0000000023f10000)]
  0x000000001c677800 JavaThread "jar transforms Thread 203" [_thread_blocked, id=22920, stack(0x0000000023d10000,0x0000000023e10000)]
  0x000000001c67b800 JavaThread "jar transforms Thread 202" [_thread_blocked, id=2060, stack(0x0000000023c10000,0x0000000023d10000)]
  0x000000001c67a800 JavaThread "jar transforms Thread 201" [_thread_blocked, id=8188, stack(0x0000000023b10000,0x0000000023c10000)]
  0x000000001c679000 JavaThread "jar transforms Thread 200" [_thread_blocked, id=21428, stack(0x0000000023a10000,0x0000000023b10000)]
  0x000000001c677000 JavaThread "jar transforms Thread 199" [_thread_blocked, id=3432, stack(0x0000000023910000,0x0000000023a10000)]
  0x000000001c67d000 JavaThread "jar transforms Thread 198" [_thread_blocked, id=24976, stack(0x0000000023810000,0x0000000023910000)]
  0x000000001c10b800 JavaThread "jar transforms Thread 197" [_thread_blocked, id=4660, stack(0x0000000023710000,0x0000000023810000)]
  0x000000001c112800 JavaThread "jar transforms Thread 196" [_thread_blocked, id=23328, stack(0x0000000023610000,0x0000000023710000)]
  0x000000001c111800 JavaThread "jar transforms Thread 195" [_thread_blocked, id=26588, stack(0x0000000023510000,0x0000000023610000)]
  0x000000001c111000 JavaThread "jar transforms Thread 194" [_thread_blocked, id=26332, stack(0x0000000023410000,0x0000000023510000)]
  0x000000001c110000 JavaThread "jar transforms Thread 193" [_thread_blocked, id=25008, stack(0x0000000023310000,0x0000000023410000)]
  0x000000001c10f800 JavaThread "jar transforms Thread 192" [_thread_blocked, id=24908, stack(0x0000000023210000,0x0000000023310000)]
  0x000000001c10d000 JavaThread "jar transforms Thread 191" [_thread_blocked, id=18368, stack(0x0000000023110000,0x0000000023210000)]
  0x000000001c10e800 JavaThread "jar transforms Thread 190" [_thread_blocked, id=7368, stack(0x0000000023010000,0x0000000023110000)]
  0x000000001c10e000 JavaThread "jar transforms Thread 189" [_thread_blocked, id=18764, stack(0x0000000022f10000,0x0000000023010000)]
  0x000000001c10c800 JavaThread "jar transforms Thread 188" [_thread_blocked, id=21296, stack(0x0000000022e10000,0x0000000022f10000)]
  0x000000001c104000 JavaThread "jar transforms Thread 187" [_thread_blocked, id=20564, stack(0x0000000022d10000,0x0000000022e10000)]
  0x000000001c107000 JavaThread "jar transforms Thread 186" [_thread_blocked, id=23204, stack(0x0000000022c10000,0x0000000022d10000)]
  0x000000001c105000 JavaThread "jar transforms Thread 185" [_thread_blocked, id=24064, stack(0x0000000022b10000,0x0000000022c10000)]
  0x000000001c105800 JavaThread "Build operations Thread 8" [_thread_in_Java, id=21112, stack(0x0000000022a10000,0x0000000022b10000)]
  0x000000001ccaf800 JavaThread "Build operations Thread 7" [_thread_in_Java, id=20208, stack(0x0000000022910000,0x0000000022a10000)]
  0x000000001ccae800 JavaThread "Build operations Thread 6" [_thread_in_Java, id=17292, stack(0x0000000022810000,0x0000000022910000)]
  0x000000001ccae000 JavaThread "Build operations Thread 5" [_thread_in_native, id=23240, stack(0x0000000022710000,0x0000000022810000)]
  0x000000001ccad000 JavaThread "Build operations Thread 4" [_thread_in_vm, id=15628, stack(0x0000000022610000,0x0000000022710000)]
  0x000000001ccb0000 JavaThread "Build operations Thread 3" [_thread_blocked, id=20604, stack(0x0000000022510000,0x0000000022610000)]
  0x000000001ccab800 JavaThread "Build operations Thread 2" [_thread_in_Java, id=1648, stack(0x0000000022410000,0x0000000022510000)]
  0x000000001ccac800 JavaThread "Build operations" [_thread_in_Java, id=15736, stack(0x00000000210b0000,0x00000000211b0000)]
  0x000000001cca4000 JavaThread "Cache worker for cache directory md-rule (C:\Users\Admin\.gradle\caches\6.5\md-rule)" [_thread_blocked, id=18012, stack(0x0000000020fb0000,0x00000000210b0000)]
  0x000000001ccab000 JavaThread "Cache worker for cache directory md-supplier (C:\Users\Admin\.gradle\caches\6.5\md-supplier)" [_thread_blocked, id=12456, stack(0x000000001e610000,0x000000001e710000)]
  0x000000001cca9800 JavaThread "Cache worker for checksums cache (C:\Users\Admin\AndroidStudioProjects\GiaiPTBac2\.gradle\checksums)" [_thread_blocked, id=3456, stack(0x000000001e310000,0x000000001e410000)]
  0x000000001cca5800 JavaThread "Cache worker for file hash cache (C:\Users\Admin\AndroidStudioProjects\GiaiPTBac2\.gradle\6.5\fileHashes)" [_thread_blocked, id=17164, stack(0x000000001e110000,0x000000001e210000)]
  0x000000001cca8800 JavaThread "Thread-278" [_thread_blocked, id=9792, stack(0x000000001de10000,0x000000001df10000)]
  0x000000001cca6800 JavaThread "Stdin handler" [_thread_blocked, id=4436, stack(0x000000001dd10000,0x000000001de10000)]
  0x000000001cca8000 JavaThread "Asynchronous log dispatcher for DefaultDaemonConnection: socket connection from /127.0.0.1:57360 to /127.0.0.1:57625" [_thread_blocked, id=9896, stack(0x000000001d8d0000,0x000000001d9d0000)]
  0x000000001cca3800 JavaThread "Daemon worker Thread 3" [_thread_blocked, id=8980, stack(0x000000001d7d0000,0x000000001d8d0000)]
  0x000000001ccaa000 JavaThread "Cancel handler" [_thread_blocked, id=15872, stack(0x0000000000f80000,0x0000000001080000)]
  0x000000001cca2800 JavaThread "Handler for socket connection from /127.0.0.1:57360 to /127.0.0.1:57625" [_thread_in_native, id=22684, stack(0x0000000000e80000,0x0000000000f80000)]
  0x000000001cca7000 JavaThread "Daemon Thread 3" [_thread_blocked, id=17776, stack(0x0000000000d80000,0x0000000000e80000)]
  0x000000001cca1000 JavaThread "Memory manager" [_thread_blocked, id=2488, stack(0x000000002ba30000,0x000000002bb30000)]
  0x000000001c108000 JavaThread "Cache worker for file content cache (C:\Users\Admin\.gradle\caches\6.5\fileContent)" [_thread_blocked, id=24500, stack(0x00000000246b0000,0x00000000247b0000)]
  0x000000001c10a000 JavaThread "Cache worker for execution history cache (C:\Users\Admin\.gradle\caches\6.5\executionHistory)" [_thread_blocked, id=6764, stack(0x00000000241b0000,0x00000000242b0000)]
  0x000000001c67a000 JavaThread "Cache worker for file hash cache (C:\Users\Admin\.gradle\caches\6.5\fileHashes)" [_thread_blocked, id=9008, stack(0x000000001eb10000,0x000000001ec10000)]
  0x000000001c678800 JavaThread "File lock request listener" [_thread_in_native, id=17620, stack(0x000000001ea10000,0x000000001eb10000)]
  0x000000001c610800 JavaThread "Cache worker for journal cache (C:\Users\Admin\.gradle\caches\journal-1)" [_thread_blocked, id=22992, stack(0x000000001e910000,0x000000001ea10000)]
  0x000000001c542000 JavaThread "Daemon periodic checks" [_thread_blocked, id=4604, stack(0x000000001dc10000,0x000000001dd10000)]
  0x000000001c4dc800 JavaThread "Incoming local TCP Connector on port 57360" [_thread_in_native, id=14260, stack(0x000000001d9d0000,0x000000001dad0000)]
  0x000000001aa9a000 JavaThread "Daemon health stats" [_thread_blocked, id=17920, stack(0x000000001d390000,0x000000001d490000)]
  0x0000000019bba000 JavaThread "Service Thread" daemon [_thread_blocked, id=2568, stack(0x000000001a7f0000,0x000000001a8f0000)]
  0x0000000019b2e000 JavaThread "C1 CompilerThread3" daemon [_thread_in_vm, id=9852, stack(0x000000001a6f0000,0x000000001a7f0000)]
=>0x0000000019b2a000 JavaThread "C2 CompilerThread2" daemon [_thread_in_native, id=19896, stack(0x000000001a5f0000,0x000000001a6f0000)]
  0x0000000019b25000 JavaThread "C2 CompilerThread1" daemon [_thread_in_native, id=16300, stack(0x000000001a4f0000,0x000000001a5f0000)]
  0x0000000019b22000 JavaThread "C2 CompilerThread0" daemon [_thread_in_native, id=18648, stack(0x000000001a3f0000,0x000000001a4f0000)]
  0x0000000019b20000 JavaThread "Attach Listener" daemon [_thread_blocked, id=8040, stack(0x000000001a2f0000,0x000000001a3f0000)]
  0x0000000019b1f000 JavaThread "Signal Dispatcher" daemon [_thread_blocked, id=15588, stack(0x000000001a1f0000,0x000000001a2f0000)]
  0x0000000019b11800 JavaThread "Finalizer" daemon [_thread_blocked, id=16532, stack(0x0000000019ff0000,0x000000001a0f0000)]
  0x0000000019b10800 JavaThread "Reference Handler" daemon [_thread_blocked, id=22484, stack(0x0000000019ef0000,0x0000000019ff0000)]
  0x0000000002ba2800 JavaThread "main" [_thread_blocked, id=3288, stack(0x00000000029d0000,0x0000000002ad0000)]

Other Threads:
  0x0000000017d06800 VMThread [stack: 0x00000000199f0000,0x0000000019af0000] [id=8724]
  0x0000000019bbb000 WatcherThread [stack: 0x000000001a8f0000,0x000000001a9f0000] [id=16640]

VM state:not at safepoint (normal execution)

VM Mutex/Monitor currently owned by a thread: None

heap address: 0x0000000080000000, size: 2048 MB, Compressed Oops mode: 32-bit
Narrow klass base: 0x0000000000000000, Narrow klass shift: 3
Compressed class space size: 1073741824 Address: 0x0000000100000000

Heap:
 PSYoungGen      total 569856K, used 225675K [0x00000000d5580000, 0x0000000100000000, 0x0000000100000000)
  eden space 535040K, 35% used [0x00000000d5580000,0x00000000e0fe7b58,0x00000000f6000000)
  from space 34816K, 99% used [0x00000000f6000000,0x00000000f81fb1c8,0x00000000f8200000)
  to   space 46080K, 0% used [0x00000000fd300000,0x00000000fd300000,0x0000000100000000)
 ParOldGen       total 186368K, used 75693K [0x0000000080000000, 0x000000008b600000, 0x00000000d5580000)
  object space 186368K, 40% used [0x0000000080000000,0x00000000849eb7c8,0x000000008b600000)
 Metaspace       used 105233K, capacity 110248K, committed 111052K, reserved 1144832K
  class space    used 13695K, capacity 14701K, committed 14848K, reserved 1048576K

Card table byte_map: [0x0000000012060000,0x0000000012470000] byte_map_base: 0x0000000011c60000

Marking Bits: (ParMarkBitMap*) 0x000000006221f030
 Begin Bits: [0x0000000012f20000, 0x0000000014f20000)
 End Bits:   [0x0000000014f20000, 0x0000000016f20000)

Polling page: 0x0000000001160000

CodeCache: size=245760Kb used=52280Kb max_used=52280Kb free=193479Kb
 bounds [0x0000000002ca0000, 0x0000000005ff0000, 0x0000000011ca0000]
 total_blobs=16755 nmethods=15730 adapters=935
 compilation: enabled

Compilation events (10 events):
Event: 2053.846 Thread 0x0000000019b2e000 nmethod 18468 0x0000000005fd9510 code [0x0000000005fd9680, 0x0000000005fd9828]
Event: 2053.846 Thread 0x0000000019b2e000 18469       2       com.android.tools.r8.ir.regalloc.a$$Lambda$1291/259324627::get$Lambda (9 bytes)
Event: 2053.846 Thread 0x0000000019b2e000 nmethod 18469 0x0000000005fd9910 code [0x0000000005fd9a60, 0x0000000005fd9bf0]
Event: 2053.846 Thread 0x0000000019b2e000 18470       2       com.android.tools.r8.ir.regalloc.a$$Lambda$1291/259324627::<init> (10 bytes)
Event: 2053.846 Thread 0x0000000019b2e000 nmethod 18470 0x0000000005fd9c90 code [0x0000000005fd9de0, 0x0000000005fd9f50]
Event: 2053.846 Thread 0x0000000019b2e000 18481       2       java.util.stream.ReduceOps$2::makeSink (5 bytes)
Event: 2053.847 Thread 0x0000000019b2e000 nmethod 18481 0x0000000005fd9fd0 code [0x0000000005fda120, 0x0000000005fda2d0]
Event: 2053.847 Thread 0x0000000019b2e000 18482       2       com.android.tools.r8.s.b.o::d (10 bytes)
Event: 2053.847 Thread 0x0000000019b2e000 nmethod 18482 0x0000000005fda390 code [0x0000000005fda520, 0x0000000005fda888]
Event: 2053.847 Thread 0x0000000019b2e000 18484       2       com.android.tools.r8.p.n.B::a (548 bytes)

GC Heap History (10 events):
Event: 15.898 GC heap before
{Heap before GC invocations=13 (full 3):
 PSYoungGen      total 434176K, used 414720K [0x00000000d5580000, 0x00000000f4f80000, 0x0000000100000000)
  eden space 414720K, 100% used [0x00000000d5580000,0x00000000eea80000,0x00000000eea80000)
  from space 19456K, 0% used [0x00000000eea80000,0x00000000eea80000,0x00000000efd80000)
  to   space 23552K, 0% used [0x00000000f3880000,0x00000000f3880000,0x00000000f4f80000)
 ParOldGen       total 120832K, used 34175K [0x0000000080000000, 0x0000000087600000, 0x00000000d5580000)
  object space 120832K, 28% used [0x0000000080000000,0x000000008215fc30,0x0000000087600000)
 Metaspace       used 78680K, capacity 82726K, committed 82904K, reserved 1120256K
  class space    used 10651K, capacity 11424K, committed 11520K, reserved 1048576K
Event: 15.934 GC heap after
Heap after GC invocations=13 (full 3):
 PSYoungGen      total 487424K, used 23538K [0x00000000d5580000, 0x00000000f7d00000, 0x0000000100000000)
  eden space 463872K, 0% used [0x00000000d5580000,0x00000000d5580000,0x00000000f1a80000)
  from space 23552K, 99% used [0x00000000f3880000,0x00000000f4f7c9a8,0x00000000f4f80000)
  to   space 30720K, 0% used [0x00000000f1a80000,0x00000000f1a80000,0x00000000f3880000)
 ParOldGen       total 120832K, used 44064K [0x0000000080000000, 0x0000000087600000, 0x00000000d5580000)
  object space 120832K, 36% used [0x0000000080000000,0x0000000082b083d0,0x0000000087600000)
 Metaspace       used 78680K, capacity 82726K, committed 82904K, reserved 1120256K
  class space    used 10651K, capacity 11424K, committed 11520K, reserved 1048576K
}
Event: 2021.248 GC heap before
{Heap before GC invocations=14 (full 3):
 PSYoungGen      total 487424K, used 487410K [0x00000000d5580000, 0x00000000f7d00000, 0x0000000100000000)
  eden space 463872K, 100% used [0x00000000d5580000,0x00000000f1a80000,0x00000000f1a80000)
  from space 23552K, 99% used [0x00000000f3880000,0x00000000f4f7c9a8,0x00000000f4f80000)
  to   space 30720K, 0% used [0x00000000f1a80000,0x00000000f1a80000,0x00000000f3880000)
 ParOldGen       total 120832K, used 44064K [0x0000000080000000, 0x0000000087600000, 0x00000000d5580000)
  object space 120832K, 36% used [0x0000000080000000,0x0000000082b083d0,0x0000000087600000)
 Metaspace       used 89988K, capacity 94758K, committed 94936K, reserved 1132544K
  class space    used 11771K, capacity 12704K, committed 12800K, reserved 1048576K
Event: 2021.272 GC heap after
Heap after GC invocations=14 (full 3):
 PSYoungGen      total 494592K, used 14986K [0x00000000d5580000, 0x00000000fa400000, 0x0000000100000000)
  eden space 463872K, 0% used [0x00000000d5580000,0x00000000d5580000,0x00000000f1a80000)
  from space 30720K, 48% used [0x00000000f1a80000,0x00000000f2922900,0x00000000f3880000)
  to   space 29696K, 0% used [0x00000000f8700000,0x00000000f8700000,0x00000000fa400000)
 ParOldGen       total 120832K, used 62773K [0x0000000080000000, 0x0000000087600000, 0x00000000d5580000)
  object space 120832K, 51% used [0x0000000080000000,0x0000000083d4d748,0x0000000087600000)
 Metaspace       used 89988K, capacity 94758K, committed 94936K, reserved 1132544K
  class space    used 11771K, capacity 12704K, committed 12800K, reserved 1048576K
}
Event: 2045.836 GC heap before
{Heap before GC invocations=15 (full 3):
 PSYoungGen      total 494592K, used 234122K [0x00000000d5580000, 0x00000000fa400000, 0x0000000100000000)
  eden space 463872K, 47% used [0x00000000d5580000,0x00000000e2b7ff38,0x00000000f1a80000)
  from space 30720K, 48% used [0x00000000f1a80000,0x00000000f2922900,0x00000000f3880000)
  to   space 29696K, 0% used [0x00000000f8700000,0x00000000f8700000,0x00000000fa400000)
 ParOldGen       total 120832K, used 62773K [0x0000000080000000, 0x0000000087600000, 0x00000000d5580000)
  object space 120832K, 51% used [0x0000000080000000,0x0000000083d4d748,0x0000000087600000)
 Metaspace       used 93178K, capacity 98314K, committed 98380K, reserved 1134592K
  class space    used 12144K, capacity 13154K, committed 13184K, reserved 1048576K
Event: 2045.864 GC heap after
Heap after GC invocations=15 (full 3):
 PSYoungGen      total 560640K, used 29676K [0x00000000d5580000, 0x00000000fa400000, 0x0000000100000000)
  eden space 530944K, 0% used [0x00000000d5580000,0x00000000d5580000,0x00000000f5c00000)
  from space 29696K, 99% used [0x00000000f8700000,0x00000000fa3fb3f8,0x00000000fa400000)
  to   space 34816K, 0% used [0x00000000f6000000,0x00000000f6000000,0x00000000f8200000)
 ParOldGen       total 120832K, used 63894K [0x0000000080000000, 0x0000000087600000, 0x00000000d5580000)
  object space 120832K, 52% used [0x0000000080000000,0x0000000083e65b60,0x0000000087600000)
 Metaspace       used 93178K, capacity 98314K, committed 98380K, reserved 1134592K
  class space    used 12144K, capacity 13154K, committed 13184K, reserved 1048576K
}
Event: 2045.864 GC heap before
{Heap before GC invocations=16 (full 4):
 PSYoungGen      total 560640K, used 29676K [0x00000000d5580000, 0x00000000fa400000, 0x0000000100000000)
  eden space 530944K, 0% used [0x00000000d5580000,0x00000000d5580000,0x00000000f5c00000)
  from space 29696K, 99% used [0x00000000f8700000,0x00000000fa3fb3f8,0x00000000fa400000)
  to   space 34816K, 0% used [0x00000000f6000000,0x00000000f6000000,0x00000000f8200000)
 ParOldGen       total 120832K, used 63894K [0x0000000080000000, 0x0000000087600000, 0x00000000d5580000)
  object space 120832K, 52% used [0x0000000080000000,0x0000000083e65b60,0x0000000087600000)
 Metaspace       used 93178K, capacity 98314K, committed 98380K, reserved 1134592K
  class space    used 12144K, capacity 13154K, committed 13184K, reserved 1048576K
Event: 2046.028 GC heap after
Heap after GC invocations=16 (full 4):
 PSYoungGen      total 560640K, used 0K [0x00000000d5580000, 0x00000000fa400000, 0x0000000100000000)
  eden space 530944K, 0% used [0x00000000d5580000,0x00000000d5580000,0x00000000f5c00000)
  from space 29696K, 0% used [0x00000000f8700000,0x00000000f8700000,0x00000000fa400000)
  to   space 34816K, 0% used [0x00000000f6000000,0x00000000f6000000,0x00000000f8200000)
 ParOldGen       total 186368K, used 59732K [0x0000000080000000, 0x000000008b600000, 0x00000000d5580000)
  object space 186368K, 32% used [0x0000000080000000,0x0000000083a55248,0x000000008b600000)
 Metaspace       used 92101K, capacity 96100K, committed 98380K, reserved 1134592K
  class space    used 11895K, capacity 12713K, committed 13184K, reserved 1048576K
}
Event: 2051.998 GC heap before
{Heap before GC invocations=17 (full 4):
 PSYoungGen      total 560640K, used 530944K [0x00000000d5580000, 0x00000000fa400000, 0x0000000100000000)
  eden space 530944K, 100% used [0x00000000d5580000,0x00000000f5c00000,0x00000000f5c00000)
  from space 29696K, 0% used [0x00000000f8700000,0x00000000f8700000,0x00000000fa400000)
  to   space 34816K, 0% used [0x00000000f6000000,0x00000000f6000000,0x00000000f8200000)
 ParOldGen       total 186368K, used 59732K [0x0000000080000000, 0x000000008b600000, 0x00000000d5580000)
  object space 186368K, 32% used [0x0000000080000000,0x0000000083a55248,0x000000008b600000)
 Metaspace       used 102152K, capacity 106804K, committed 108108K, reserved 1142784K
  class space    used 13240K, capacity 14191K, committed 14464K, reserved 1048576K
Event: 2052.206 GC heap after
Heap after GC invocations=17 (full 4):
 PSYoungGen      total 569856K, used 34796K [0x00000000d5580000, 0x0000000100000000, 0x0000000100000000)
  eden space 535040K, 0% used [0x00000000d5580000,0x00000000d5580000,0x00000000f6000000)
  from space 34816K, 99% used [0x00000000f6000000,0x00000000f81fb1c8,0x00000000f8200000)
  to   space 46080K, 0% used [0x00000000fd300000,0x00000000fd300000,0x0000000100000000)
 ParOldGen       total 186368K, used 75693K [0x0000000080000000, 0x000000008b600000, 0x00000000d5580000)
  object space 186368K, 40% used [0x0000000080000000,0x00000000849eb7c8,0x000000008b600000)
 Metaspace       used 102152K, capacity 106804K, committed 108108K, reserved 1142784K
  class space    used 13240K, capacity 14191K, committed 14464K, reserved 1048576K
}

Deoptimization events (10 events):
Event: 2053.395 Thread 0x000000001ccaf800 Uncommon trap: reason=unstable_if action=reinterpret pc=0x0000000005e564f4 method=com.android.tools.r8.graph.g0.computeEquals(Ljava/lang/Object;)Z @ 37
Event: 2053.399 Thread 0x000000001ccaf800 Uncommon trap: reason=unstable_if action=reinterpret pc=0x0000000005d022d0 method=com.android.tools.r8.graph.g0.computeEquals(Ljava/lang/Object;)Z @ 37
Event: 2053.534 Thread 0x000000001ccad000 Uncommon trap: reason=unstable_if action=reinterpret pc=0x00000000039c25fc method=com.android.tools.r8.graph.X0.b(Ljava/util/function/Predicate;Ljava/util/function/Consumer;Lcom/android/tools/r8/graph/W;)V @ 7
Event: 2053.615 Thread 0x000000001ccab800 Uncommon trap: reason=unstable_if action=reinterpret pc=0x00000000037a5fc0 method=java.util.HashMap.getNode(ILjava/lang/Object;)Ljava/util/HashMap$Node; @ 84
Event: 2053.625 Thread 0x000000001ccac800 Uncommon trap: reason=unstable_if action=reinterpret pc=0x0000000003a7d204 method=com.android.tools.r8.graph.i0.a([C)I @ 29
Event: 2053.660 Thread 0x000000001c105800 Uncommon trap: reason=bimorphic action=maybe_recompile pc=0x0000000004755188 method=com.android.tools.r8.q.a.a.a.J.test(Ljava/lang/Object;)Z @ 2
Event: 2053.660 Thread 0x000000001c105800 Uncommon trap: reason=bimorphic action=maybe_recompile pc=0x0000000004755188 method=com.android.tools.r8.q.a.a.a.J.test(Ljava/lang/Object;)Z @ 2
Event: 2053.661 Thread 0x000000001c105800 Uncommon trap: reason=bimorphic action=maybe_recompile pc=0x0000000004755188 method=com.android.tools.r8.q.a.a.a.J.test(Ljava/lang/Object;)Z @ 2
Event: 2053.661 Thread 0x000000001c105800 Uncommon trap: reason=bimorphic action=maybe_recompile pc=0x0000000004755188 method=com.android.tools.r8.q.a.a.a.J.test(Ljava/lang/Object;)Z @ 2
Event: 2053.792 Thread 0x000000001ccae800 Uncommon trap: reason=unstable_if action=reinterpret pc=0x0000000005f91050 method=com.android.tools.r8.ir.regalloc.b.r()Z @ 9

Classes redefined (0 events):
No events

Internal exceptions (10 events):
Event: 2050.979 Thread 0x000000001ccad000 Exception <a 'sun/nio/fs/WindowsException'> (0x00000000edfa4cf8) thrown at [C:\src\AOSP-openjdk-git\hotspot\src\share\vm\prims\jni.cpp, line 710]
Event: 2051.261 Thread 0x000000001ccaf800 Exception <a 'java/lang/IncompatibleClassChangeError': Found class java.lang.Object, but interface was expected> (0x00000000efb99cf8) thrown at [C:\src\AOSP-openjdk-git\hotspot\src\share\vm\interpreter\linkResolver.cpp, line 653]
Event: 2051.298 Thread 0x000000001c105800 Exception <a 'sun/nio/fs/WindowsException'> (0x00000000f022b1d8) thrown at [C:\src\AOSP-openjdk-git\hotspot\src\share\vm\prims\jni.cpp, line 710]
Event: 2051.643 Thread 0x000000001ccac800 Exception <a 'sun/nio/fs/WindowsException'> (0x00000000f37c1fe0) thrown at [C:\src\AOSP-openjdk-git\hotspot\src\share\vm\prims\jni.cpp, line 710]
Event: 2051.668 Thread 0x000000001ccae800 Exception <a 'sun/nio/fs/WindowsException'> (0x00000000f3c108c8) thrown at [C:\src\AOSP-openjdk-git\hotspot\src\share\vm\prims\jni.cpp, line 710]
Event: 2052.281 Thread 0x000000001ccae000 Exception <a 'sun/nio/fs/WindowsException'> (0x00000000d5a77db8) thrown at [C:\src\AOSP-openjdk-git\hotspot\src\share\vm\prims\jni.cpp, line 710]
Event: 2052.472 Thread 0x000000001ccaf800 Exception <a 'java/lang/NoSuchMethodError': java.lang.Object.b(Lcom/android/tools/r8/graph/p1$b;)Lcom/android/tools/r8/graph/p1$b;> (0x00000000d608dfc8) thrown at [C:\src\AOSP-openjdk-git\hotspot\src\share\vm\interpreter\linkResolver.cpp, line 620]
Event: 2052.666 Thread 0x000000001ccaf800 Exception <a 'java/lang/NoSuchMethodError': java.lang.Object.lambda$maxBy$1(Ljava/util/Comparator;Ljava/lang/Object;Ljava/lang/Object;)Ljava/lang/Object;> (0x00000000d7cc10c0) thrown at [C:\src\AOSP-openjdk-git\hotspot\src\share\vm\interpreter\linkResolve
Event: 2052.666 Thread 0x000000001ccac800 Exception <a 'java/lang/NoSuchMethodError': java.lang.Object.lambda$maxBy$1(Ljava/util/Comparator;Ljava/lang/Object;Ljava/lang/Object;)Ljava/lang/Object;> (0x00000000d6e157b0) thrown at [C:\src\AOSP-openjdk-git\hotspot\src\share\vm\interpreter\linkResolve
Event: 2053.230 Thread 0x000000001ccab800 Exception <a 'sun/nio/fs/WindowsException'> (0x00000000d9f6af50) thrown at [C:\src\AOSP-openjdk-git\hotspot\src\share\vm\prims\jni.cpp, line 710]

Events (10 events):
Event: 2053.780 loading class com/android/tools/r8/code/t2 done
Event: 2053.782 loading class com/android/tools/r8/code/v2
Event: 2053.782 loading class com/android/tools/r8/code/v2 done
Event: 2053.792 Thread 0x000000001ccae800 Uncommon trap: trap_request=0xffffff65 fr.pc=0x0000000005f91050
Event: 2053.792 Thread 0x000000001ccae800 DEOPT PACKING pc=0x0000000005f91050 sp=0x0000000022909df0
Event: 2053.792 Thread 0x000000001ccae800 DEOPT UNPACKING pc=0x0000000002ce557b sp=0x0000000022909d88 mode 2
Event: 2053.810 loading class com/android/tools/r8/ir/conversion/B
Event: 2053.810 loading class com/android/tools/r8/ir/conversion/B done
Event: 2053.812 Executing VM operation: ForceSafepoint
Event: 2053.815 Executing VM operation: ForceSafepoint done


Dynamic libraries:
0x00007ff7a66e0000 - 0x00007ff7a6711000 	C:\Program Files\Android\Android Studio\jre\bin\java.exe
0x00007ffa4f5f0000 - 0x00007ffa4f7e6000 	C:\WINDOWS\SYSTEM32\ntdll.dll
0x00007ffa4de70000 - 0x00007ffa4df2d000 	C:\WINDOWS\System32\KERNEL32.DLL
0x00007ffa4cfd0000 - 0x00007ffa4d299000 	C:\WINDOWS\System32\KERNELBASE.dll
0x00007ffa4df90000 - 0x00007ffa4e03c000 	C:\WINDOWS\System32\ADVAPI32.dll
0x00007ffa4e1d0000 - 0x00007ffa4e26e000 	C:\WINDOWS\System32\msvcrt.dll
0x00007ffa4f3d0000 - 0x00007ffa4f46c000 	C:\WINDOWS\System32\sechost.dll
0x00007ffa4e040000 - 0x00007ffa4e16b000 	C:\WINDOWS\System32\RPCRT4.dll
0x00007ffa4f010000 - 0x00007ffa4f1b0000 	C:\WINDOWS\System32\USER32.dll
0x00007ffa4d2a0000 - 0x00007ffa4d2c2000 	C:\WINDOWS\System32\win32u.dll
0x00007ffa4ddb0000 - 0x00007ffa4ddda000 	C:\WINDOWS\System32\GDI32.dll
0x00007ffa4cec0000 - 0x00007ffa4cfcb000 	C:\WINDOWS\System32\gdi32full.dll
0x00007ffa4d5b0000 - 0x00007ffa4d64d000 	C:\WINDOWS\System32\msvcp_win.dll
0x00007ffa4d480000 - 0x00007ffa4d580000 	C:\WINDOWS\System32\ucrtbase.dll
0x00007ffa2f860000 - 0x00007ffa2fafb000 	C:\WINDOWS\WinSxS\amd64_microsoft.windows.common-controls_6595b64144ccf1df_6.0.19041.746_none_ca02b4b61b8320a4\COMCTL32.dll
0x00007ffa4ef80000 - 0x00007ffa4efb0000 	C:\WINDOWS\System32\IMM32.DLL
0x0000000061970000 - 0x0000000061a42000 	C:\Program Files\Android\Android Studio\jre\jre\bin\msvcr100.dll
0x0000000061a50000 - 0x000000006229b000 	C:\Program Files\Android\Android Studio\jre\jre\bin\server\jvm.dll
0x00007ffa4d650000 - 0x00007ffa4d658000 	C:\WINDOWS\System32\PSAPI.DLL
0x00007ffa45030000 - 0x00007ffa45039000 	C:\WINDOWS\SYSTEM32\WSOCK32.dll
0x00007ffa2fcb0000 - 0x00007ffa2fcd7000 	C:\WINDOWS\SYSTEM32\WINMM.dll
0x00007ffa42f90000 - 0x00007ffa42f9a000 	C:\WINDOWS\SYSTEM32\VERSION.dll
0x00007ffa4e8f0000 - 0x00007ffa4e95b000 	C:\WINDOWS\System32\WS2_32.dll
0x00007ffa43c40000 - 0x00007ffa43c4f000 	C:\Program Files\Android\Android Studio\jre\jre\bin\verify.dll
0x00007ffa41cc0000 - 0x00007ffa41ce9000 	C:\Program Files\Android\Android Studio\jre\jre\bin\java.dll
0x00007ffa359c0000 - 0x00007ffa359d6000 	C:\Program Files\Android\Android Studio\jre\jre\bin\zip.dll
0x00007ffa4d660000 - 0x00007ffa4dda3000 	C:\WINDOWS\System32\SHELL32.dll
0x00007ffa4aad0000 - 0x00007ffa4b25f000 	C:\WINDOWS\SYSTEM32\windows.storage.dll
0x00007ffa4e390000 - 0x00007ffa4e6e6000 	C:\WINDOWS\System32\combase.dll
0x00007ffa4c790000 - 0x00007ffa4c7bc000 	C:\WINDOWS\SYSTEM32\Wldp.dll
0x00007ffa4e840000 - 0x00007ffa4e8ee000 	C:\WINDOWS\System32\SHCORE.dll
0x00007ffa4f2a0000 - 0x00007ffa4f2f5000 	C:\WINDOWS\System32\shlwapi.dll
0x00007ffa4cc60000 - 0x00007ffa4cc86000 	C:\WINDOWS\SYSTEM32\profapi.dll
0x00007ffa2de10000 - 0x00007ffa2de2a000 	C:\Program Files\Android\Android Studio\jre\jre\bin\net.dll
0x00007ffa4c510000 - 0x00007ffa4c57a000 	C:\WINDOWS\system32\mswsock.dll
0x00007ffa0a830000 - 0x00007ffa0a843000 	C:\Program Files\Android\Android Studio\jre\jre\bin\nio.dll
0x00007ffa18510000 - 0x00007ffa18537000 	C:\Users\Admin\.gradle\native\f6784746aeab05261644944871eae4fe03e0ef1612fff0a4a95f87b438bc6780\windows-amd64\native-platform.dll
0x00007ffa3aec0000 - 0x00007ffa3aecd000 	C:\Program Files\Android\Android Studio\jre\jre\bin\management.dll
0x00007ffa4c6f0000 - 0x00007ffa4c708000 	C:\WINDOWS\SYSTEM32\CRYPTSP.dll
0x00007ffa4be40000 - 0x00007ffa4be74000 	C:\WINDOWS\system32\rsaenh.dll
0x00007ffa4d580000 - 0x00007ffa4d5a7000 	C:\WINDOWS\System32\bcrypt.dll
0x00007ffa4cc20000 - 0x00007ffa4cc4e000 	C:\WINDOWS\SYSTEM32\USERENV.dll
0x00007ffa4cd90000 - 0x00007ffa4ce10000 	C:\WINDOWS\System32\bcryptprimitives.dll
0x00007ffa4c6e0000 - 0x00007ffa4c6ec000 	C:\WINDOWS\SYSTEM32\CRYPTBASE.dll
0x00007ffa4c1b0000 - 0x00007ffa4c1eb000 	C:\WINDOWS\SYSTEM32\IPHLPAPI.DLL
0x00007ffa4f5a0000 - 0x00007ffa4f5a8000 	C:\WINDOWS\System32\NSI.dll
0x00007ffa41c30000 - 0x00007ffa41c47000 	C:\WINDOWS\SYSTEM32\dhcpcsvc6.DLL
0x00007ffa41b40000 - 0x00007ffa41b5d000 	C:\WINDOWS\SYSTEM32\dhcpcsvc.DLL
0x00007ffa4c240000 - 0x00007ffa4c30b000 	C:\WINDOWS\SYSTEM32\DNSAPI.dll
0x00007ffa42ed0000 - 0x00007ffa42edb000 	C:\WINDOWS\SYSTEM32\WINNSI.DLL
0x00007ff9f3310000 - 0x00007ff9f3334000 	C:\Program Files\Android\Android Studio\jre\jre\bin\sunec.dll
0x00007ffa3d890000 - 0x00007ffa3d89a000 	C:\Windows\System32\rasadhlp.dll
0x00007ffa3af10000 - 0x00007ffa3af8f000 	C:\WINDOWS\System32\fwpuclnt.dll
0x00007ffa31970000 - 0x00007ffa3197b000 	C:\Program Files\Android\Android Studio\jre\jre\bin\sunmscapi.dll
0x00007ffa4d2d0000 - 0x00007ffa4d426000 	C:\WINDOWS\System32\CRYPT32.dll
0x00007ffa4ba70000 - 0x00007ffa4baa3000 	C:\WINDOWS\SYSTEM32\ntmarta.dll
0x00007ff9f2de0000 - 0x00007ff9f2f7c000 	C:\Program Files\Android\Android Studio\jre\jre\bin\awt.dll
0x00007ffa4f300000 - 0x00007ffa4f3cd000 	C:\WINDOWS\System32\OLEAUT32.dll
0x00007ffa4a600000 - 0x00007ffa4a62f000 	C:\WINDOWS\SYSTEM32\dwmapi.dll
0x00007ffa45900000 - 0x00007ffa45ec0000 	C:\WINDOWS\SYSTEM32\d2d1.dll
0x00007ffa46ae0000 - 0x00007ffa46b70000 	C:\WINDOWS\SYSTEM32\apphelp.dll
0x00007ffa46bd0000 - 0x00007ffa46c6e000 	C:\WINDOWS\system32\uxtheme.dll

VM Arguments:
jvm_args: -Xmx2048m -Dfile.encoding=UTF-8 -Duser.country=US -Duser.language=en -Duser.variant 
java_command: org.gradle.launcher.daemon.bootstrap.GradleDaemon 6.5
java_class_path (initial): C:\Users\Admin\.gradle\wrapper\dists\gradle-6.5-bin\6nifqtx7604sqp1q6g8wikw7p\gradle-6.5\lib\gradle-launcher-6.5.jar
Launcher Type: SUN_STANDARD

Environment Variables:
JAVA_HOME=C:\Program Files\OpenJDK\openjdk-8u275-b01
PATH=C:\Program Files (x86)\Common Files\Oracle\Java\javapath;C:\windows\system32;C:\windows;C:\windows\System32\Wbem;C:\windows\System32\WindowsPowerShell\v1.0\;C:\windows\System32\OpenSSH\;C:\Program Files (x86)\NVIDIA Corporation\PhysX\Common;C:\Program Files\NVIDIA Corporation\NVIDIA NvDLISR;C:\WINDOWS\system32;C:\WINDOWS;C:\WINDOWS\System32\Wbem;C:\WINDOWS\System32\WindowsPowerShell\v1.0\;C:\WINDOWS\System32\OpenSSH\;C:\apache-maven-3.6.0\bin;C:\Program Files\dotnet\;C:\Program Files\Microsoft SQL Server\130\Tools\Binn\;C:\Program Files\Microsoft SQL Server\120\Tools\Binn\;C:\Program Files\Microsoft SQL Server\Client SDK\ODBC\110\Tools\Binn\;C:\Program Files (x86)\Microsoft SQL Server\120\Tools\Binn\;C:\Program Files\Microsoft SQL Server\120\DTS\Binn\;C:\Program Files (x86)\Microsoft SQL Server\120\Tools\Binn\ManagementStudio\;C:\Program Files (x86)\Microsoft SQL Server\120\DTS\Binn\;C:\Program Files\Microsoft SQL Server\Client SDK\ODBC\170\Tools\Binn\;C:\Program Files\Git\cmd;C:\ProgramData\chocolatey\bin;C:\Program Files\nodejs\;C:\Program Files\OpenJDK\openjdk-8u275-b01\bin;%LOCALAPPDATA%\Android\Sdk\platform-tools;C:\Users\Admin\AppData\Local\Microsoft\WindowsApps;C:\Users\Admin\.dotnet\tools;C:\Users\Admin\AppData\Local\Programs\Microsoft VS Code\bin;C:\Users\Admin\AppData\Local\GitHubDesktop\bin;C:\Program Files\heroku\bin;C:\Users\Admin\AppData\Roaming\npm
USERNAME=Admin
OS=Windows_NT
PROCESSOR_IDENTIFIER=Intel64 Family 6 Model 142 Stepping 12, GenuineIntel



---------------  S Y S T E M  ---------------

OS: Windows 10.0 , 64 bit Build 19041 (10.0.19041.662)

CPU:total 8 (initial active 8) (4 cores per cpu, 2 threads per core) family 6 model 142 stepping 12, cmov, cx8, fxsr, mmx, sse, sse2, sse3, ssse3, sse4.1, sse4.2, popcnt, avx, avx2, aes, clmul, erms, 3dnowpref, lzcnt, ht, tsc, tscinvbit, bmi1, bmi2, adx

Memory: 4k page, physical 8187892k(200348k free), swap 12283892k(6120k free)

vm_info: OpenJDK 64-Bit Server VM (25.242-b01) for windows-amd64 JRE (1.8.0_242-release-1644-b01), built by "builder" with MS VC++ 10.0 (VS2010)

time: Fri Jan 22 08:05:28 2021
timezone: SE Asia Standard Time
elapsed time: 2053 seconds (0d 0h 34m 13s)

