#
# There is insufficient memory for the Java Runtime Environment to continue.
# Native memory allocation (malloc) failed to allocate 32744 bytes for ChunkPool::allocate
# Possible reasons:
#   The system is out of physical RAM or swap space
#   The process is running with CompressedOops enabled, and the Java Heap may be blocking the growth of the native heap
# Possible solutions:
#   Reduce memory load on the system
#   Increase physical memory or swap space
#   Check if swap backing store is full
#   Decrease Java heap size (-Xmx/-Xms)
#   Decrease number of Java threads
#   Decrease Java thread stack sizes (-Xss)
#   Set larger code cache with -XX:ReservedCodeCacheSize=
#   JVM is running with Unscaled Compressed Oops mode in which the Java heap is
#     placed in the first 4GB address space. The Java Heap base address is the
#     maximum limit for the native heap growth. Please use -XX:HeapBaseMinAddress
#     to set the Java Heap base and to place the Java Heap above 4GB virtual address.
# This output file may be truncated or incomplete.
#
#  Out of Memory Error (allocation.cpp:272), pid=22240, tid=0x00000000000022c8
#
# JRE version: OpenJDK Runtime Environment (8.0_242-b01) (build 1.8.0_242-release-1644-b01)
# Java VM: OpenJDK 64-Bit Server VM (25.242-b01 mixed mode windows-amd64 compressed oops)
# Failed to write core dump. Minidumps are not enabled by default on client versions of Windows
#

---------------  T H R E A D  ---------------

Current thread (0x0000000019cfc000):  JavaThread "C2 CompilerThread2" daemon [_thread_in_native, id=8904, stack(0x000000001a7c0000,0x000000001a8c0000)]

Stack: [0x000000001a7c0000,0x000000001a8c0000]
[error occurred during error reporting (printing stack bounds), id 0xc0000005]

Native frames: (J=compiled Java code, j=interpreted, Vv=VM code, C=native code)


Current CompileTask:
C2:  63973 18916       4       org.gradle.internal.service.DefaultServiceRegistry::find (142 bytes)


---------------  P R O C E S S  ---------------

Java Threads: ( => current thread )
  0x000000001d06a800 JavaThread "Cache worker for file hash cache (C:\Users\Admin\AndroidStudioProjects\GiaiPTBac2\.gradle\6.5\fileHashes)" [_thread_in_vm, id=7932, stack(0x000000001e5e0000,0x000000001e6e0000)]
  0x000000001d069000 JavaThread "Thread-178" [_thread_blocked, id=20864, stack(0x000000001e2e0000,0x000000001e3e0000)]
  0x000000001d06b000 JavaThread "Stdin handler" [_thread_blocked, id=17412, stack(0x000000001dfe0000,0x000000001e0e0000)]
  0x000000001d060000 JavaThread "Asynchronous log dispatcher for DefaultDaemonConnection: socket connection from /127.0.0.1:57651 to /127.0.0.1:57692" [_thread_blocked, id=6812, stack(0x00000000011f0000,0x00000000012f0000)]
  0x000000001d066000 JavaThread "Cancel handler" [_thread_blocked, id=8744, stack(0x00000000010f0000,0x00000000011f0000)]
  0x000000001d065000 JavaThread "Handler for socket connection from /127.0.0.1:57651 to /127.0.0.1:57692" [_thread_in_native, id=18820, stack(0x0000000000ed0000,0x0000000000fd0000)]
  0x0000000032c09800 JavaThread "ForkJoinPool.commonPool-worker-7" daemon [_thread_blocked, id=19760, stack(0x00000000382c0000,0x00000000383c0000)]
  0x0000000032c06800 JavaThread "ForkJoinPool.commonPool-worker-6" daemon [_thread_blocked, id=19308, stack(0x00000000381c0000,0x00000000382c0000)]
  0x000000002e437800 JavaThread "Cache worker for Java compile cache (C:\Users\Admin\.gradle\caches\6.5\javaCompile)" [_thread_blocked, id=7704, stack(0x000000002d2e0000,0x000000002d3e0000)]
  0x000000001d05e800 JavaThread "Memory manager" [_thread_blocked, id=23572, stack(0x000000002a9b0000,0x000000002aab0000)]
  0x000000001d063000 JavaThread "jar transforms Thread 92" [_thread_blocked, id=15520, stack(0x000000002a8b0000,0x000000002a9b0000)]
  0x000000001d061800 JavaThread "jar transforms Thread 91" [_thread_blocked, id=22312, stack(0x000000002a7b0000,0x000000002a8b0000)]
  0x000000001d064800 JavaThread "jar transforms Thread 90" [_thread_blocked, id=7900, stack(0x000000002a6b0000,0x000000002a7b0000)]
  0x000000001d05d000 JavaThread "jar transforms Thread 89" [_thread_blocked, id=22192, stack(0x000000002a5b0000,0x000000002a6b0000)]
  0x000000001d060800 JavaThread "jar transforms Thread 88" [_thread_blocked, id=1500, stack(0x000000002a4b0000,0x000000002a5b0000)]
  0x000000001d063800 JavaThread "jar transforms Thread 87" [_thread_blocked, id=2580, stack(0x000000002a3b0000,0x000000002a4b0000)]
  0x000000001d05f000 JavaThread "jar transforms Thread 86" [_thread_blocked, id=24732, stack(0x000000002a2b0000,0x000000002a3b0000)]
  0x000000001d062000 JavaThread "jar transforms Thread 85" [_thread_blocked, id=22196, stack(0x000000002a1b0000,0x000000002a2b0000)]
  0x000000001cfc5000 JavaThread "jar transforms Thread 84" [_thread_blocked, id=22044, stack(0x000000002a0b0000,0x000000002a1b0000)]
  0x000000001cfc2800 JavaThread "jar transforms Thread 83" [_thread_blocked, id=1496, stack(0x0000000029fb0000,0x000000002a0b0000)]
  0x000000001cfc5800 JavaThread "jar transforms Thread 82" [_thread_blocked, id=23296, stack(0x0000000029eb0000,0x0000000029fb0000)]
  0x000000001cfc9800 JavaThread "jar transforms Thread 81" [_thread_blocked, id=9064, stack(0x0000000029db0000,0x0000000029eb0000)]
  0x000000001cfc4000 JavaThread "jar transforms Thread 80" [_thread_blocked, id=18588, stack(0x0000000029cb0000,0x0000000029db0000)]
  0x000000001cfc8800 JavaThread "jar transforms Thread 79" [_thread_blocked, id=21744, stack(0x0000000029bb0000,0x0000000029cb0000)]
  0x000000001cfc8000 JavaThread "jar transforms Thread 78" [_thread_blocked, id=22144, stack(0x0000000029ab0000,0x0000000029bb0000)]
  0x000000001cfc7000 JavaThread "jar transforms Thread 77" [_thread_blocked, id=22252, stack(0x00000000299b0000,0x0000000029ab0000)]
  0x000000001cfc6800 JavaThread "jar transforms Thread 76" [_thread_blocked, id=25752, stack(0x00000000298b0000,0x00000000299b0000)]
  0x000000001cfc3800 JavaThread "jar transforms Thread 75" [_thread_blocked, id=21988, stack(0x00000000297b0000,0x00000000298b0000)]
  0x000000001cfbb000 JavaThread "jar transforms Thread 74" [_thread_blocked, id=2268, stack(0x00000000296b0000,0x00000000297b0000)]
  0x000000001cfc0800 JavaThread "jar transforms Thread 73" [_thread_blocked, id=22088, stack(0x00000000295b0000,0x00000000296b0000)]
  0x000000001cfc2000 JavaThread "jar transforms Thread 72" [_thread_blocked, id=23048, stack(0x00000000294b0000,0x00000000295b0000)]
  0x000000001cfbf800 JavaThread "jar transforms Thread 71" [_thread_blocked, id=15144, stack(0x00000000293b0000,0x00000000294b0000)]
  0x000000001cfbf000 JavaThread "jar transforms Thread 70" [_thread_blocked, id=21892, stack(0x00000000292b0000,0x00000000293b0000)]
  0x000000001cfbe000 JavaThread "jar transforms Thread 69" [_thread_blocked, id=12008, stack(0x00000000291b0000,0x00000000292b0000)]
  0x000000001cfc1000 JavaThread "jar transforms Thread 68" [_thread_blocked, id=21148, stack(0x00000000290b0000,0x00000000291b0000)]
  0x000000001cfbd800 JavaThread "jar transforms Thread 67" [_thread_blocked, id=5988, stack(0x0000000028fb0000,0x00000000290b0000)]
  0x000000001cfba800 JavaThread "jar transforms Thread 66" [_thread_blocked, id=8012, stack(0x0000000028eb0000,0x0000000028fb0000)]
  0x000000001cfbc800 JavaThread "jar transforms Thread 65" [_thread_blocked, id=19016, stack(0x0000000028db0000,0x0000000028eb0000)]
  0x000000001cfbc000 JavaThread "jar transforms Thread 64" [_thread_blocked, id=24980, stack(0x0000000028cb0000,0x0000000028db0000)]
  0x000000001cf61000 JavaThread "jar transforms Thread 63" [_thread_blocked, id=8480, stack(0x0000000028bb0000,0x0000000028cb0000)]
  0x000000001cf63000 JavaThread "jar transforms Thread 62" [_thread_blocked, id=12016, stack(0x0000000028ab0000,0x0000000028bb0000)]
  0x000000001cf65800 JavaThread "jar transforms Thread 61" [_thread_blocked, id=3496, stack(0x00000000289b0000,0x0000000028ab0000)]
  0x000000001cf64000 JavaThread "jar transforms Thread 60" [_thread_blocked, id=18796, stack(0x00000000288b0000,0x00000000289b0000)]
  0x000000001cf62800 JavaThread "jar transforms Thread 59" [_thread_blocked, id=14604, stack(0x00000000287b0000,0x00000000288b0000)]
  0x000000001cf61800 JavaThread "jar transforms Thread 58" [_thread_blocked, id=20716, stack(0x00000000286b0000,0x00000000287b0000)]
  0x000000001cf60000 JavaThread "jar transforms Thread 57" [_thread_blocked, id=22208, stack(0x00000000285b0000,0x00000000286b0000)]
  0x000000001cf64800 JavaThread "jar transforms Thread 56" [_thread_blocked, id=21908, stack(0x00000000284b0000,0x00000000285b0000)]
  0x000000001cf58800 JavaThread "jar transforms Thread 55" [_thread_blocked, id=22092, stack(0x00000000283b0000,0x00000000284b0000)]
  0x000000001cf5f800 JavaThread "jar transforms Thread 54" [_thread_blocked, id=21568, stack(0x00000000282b0000,0x00000000283b0000)]
  0x000000001cf57800 JavaThread "jar transforms Thread 53" [_thread_blocked, id=21620, stack(0x00000000281b0000,0x00000000282b0000)]
  0x000000001cf5b000 JavaThread "jar transforms Thread 52" [_thread_blocked, id=19328, stack(0x00000000280b0000,0x00000000281b0000)]
  0x000000001cf5e000 JavaThread "jar transforms Thread 51" [_thread_blocked, id=25484, stack(0x0000000027fb0000,0x00000000280b0000)]
  0x000000001cf59800 JavaThread "jar transforms Thread 50" [_thread_blocked, id=23612, stack(0x0000000027eb0000,0x0000000027fb0000)]
  0x000000001cf5e800 JavaThread "jar transforms Thread 49" [_thread_blocked, id=26176, stack(0x0000000027db0000,0x0000000027eb0000)]
  0x000000001cf56000 JavaThread "jar transforms Thread 48" [_thread_blocked, id=13716, stack(0x0000000027cb0000,0x0000000027db0000)]
  0x000000001cf5a000 JavaThread "jar transforms Thread 47" [_thread_blocked, id=22220, stack(0x0000000027bb0000,0x0000000027cb0000)]
  0x000000001cf57000 JavaThread "jar transforms Thread 46" [_thread_blocked, id=21652, stack(0x0000000027ab0000,0x0000000027bb0000)]
  0x000000001cf5d000 JavaThread "jar transforms Thread 45" [_thread_blocked, id=17660, stack(0x00000000279b0000,0x0000000027ab0000)]
  0x000000001cf5c800 JavaThread "jar transforms Thread 44" [_thread_blocked, id=16664, stack(0x00000000278b0000,0x00000000279b0000)]
  0x000000001cf5b800 JavaThread "jar transforms Thread 43" [_thread_blocked, id=22064, stack(0x00000000277b0000,0x00000000278b0000)]
  0x000000002091b800 JavaThread "jar transforms Thread 42" [_thread_blocked, id=20824, stack(0x00000000276b0000,0x00000000277b0000)]
  0x000000002091a800 JavaThread "jar transforms Thread 41" [_thread_blocked, id=25936, stack(0x00000000275b0000,0x00000000276b0000)]
  0x000000002091a000 JavaThread "jar transforms Thread 40" [_thread_blocked, id=22068, stack(0x00000000274b0000,0x00000000275b0000)]
  0x0000000020919000 JavaThread "jar transforms Thread 39" [_thread_blocked, id=21556, stack(0x00000000273b0000,0x00000000274b0000)]
  0x0000000020920000 JavaThread "jar transforms Thread 38" [_thread_blocked, id=21604, stack(0x00000000272b0000,0x00000000273b0000)]
  0x000000002091f000 JavaThread "jar transforms Thread 37" [_thread_blocked, id=21888, stack(0x00000000271b0000,0x00000000272b0000)]
  0x000000002091d000 JavaThread "jar transforms Thread 36" [_thread_blocked, id=21812, stack(0x00000000270b0000,0x00000000271b0000)]
  0x000000002091e800 JavaThread "jar transforms Thread 35" [_thread_blocked, id=22020, stack(0x0000000026fb0000,0x00000000270b0000)]
  0x000000002091d800 JavaThread "jar transforms Thread 34" [_thread_blocked, id=22056, stack(0x0000000026eb0000,0x0000000026fb0000)]
  0x000000002091c000 JavaThread "jar transforms Thread 33" [_thread_blocked, id=8924, stack(0x0000000026db0000,0x0000000026eb0000)]
  0x0000000020911800 JavaThread "jar transforms Thread 32" [_thread_blocked, id=21808, stack(0x0000000026cb0000,0x0000000026db0000)]
  0x0000000020918800 JavaThread "jar transforms Thread 31" [_thread_blocked, id=21616, stack(0x0000000026bb0000,0x0000000026cb0000)]
  0x0000000020911000 JavaThread "jar transforms Thread 30" [_thread_blocked, id=21540, stack(0x0000000026ab0000,0x0000000026bb0000)]
  0x0000000020917800 JavaThread "jar transforms Thread 29" [_thread_blocked, id=17312, stack(0x00000000269b0000,0x0000000026ab0000)]
  0x0000000020916000 JavaThread "jar transforms Thread 28" [_thread_blocked, id=22156, stack(0x00000000268b0000,0x00000000269b0000)]
  0x0000000020917000 JavaThread "jar transforms Thread 27" [_thread_blocked, id=22004, stack(0x00000000267b0000,0x00000000268b0000)]
  0x0000000020915800 JavaThread "jar transforms Thread 26" [_thread_blocked, id=10348, stack(0x00000000266b0000,0x00000000267b0000)]
  0x0000000020914000 JavaThread "jar transforms Thread 25" [_thread_blocked, id=16104, stack(0x00000000265b0000,0x00000000266b0000)]
  0x0000000020914800 JavaThread "jar transforms Thread 24" [_thread_blocked, id=21508, stack(0x00000000264b0000,0x00000000265b0000)]
  0x0000000020912800 JavaThread "jar transforms Thread 23" [_thread_blocked, id=11744, stack(0x00000000263b0000,0x00000000264b0000)]
  0x0000000020913000 JavaThread "jar transforms Thread 22" [_thread_blocked, id=19696, stack(0x00000000262b0000,0x00000000263b0000)]
  0x000000001ad0e000 JavaThread "jar transforms Thread 21" [_thread_blocked, id=19056, stack(0x00000000261b0000,0x00000000262b0000)]
  0x000000001ad0d000 JavaThread "jar transforms Thread 20" [_thread_blocked, id=25424, stack(0x00000000260b0000,0x00000000261b0000)]
  0x000000001ad0f800 JavaThread "jar transforms Thread 19" [_thread_blocked, id=25576, stack(0x0000000025fb0000,0x00000000260b0000)]
  0x000000001ad11800 JavaThread "jar transforms Thread 18" [_thread_blocked, id=21928, stack(0x0000000025eb0000,0x0000000025fb0000)]
  0x000000001ad0c800 JavaThread "jar transforms Thread 17" [_thread_blocked, id=11156, stack(0x0000000025db0000,0x0000000025eb0000)]
  0x000000001ad0e800 JavaThread "jar transforms Thread 16" [_thread_blocked, id=21964, stack(0x0000000025cb0000,0x0000000025db0000)]
  0x000000001ad11000 JavaThread "jar transforms Thread 15" [_thread_blocked, id=10424, stack(0x0000000025bb0000,0x0000000025cb0000)]
  0x000000001ad10000 JavaThread "jar transforms Thread 14" [_thread_blocked, id=14708, stack(0x0000000025ab0000,0x0000000025bb0000)]
  0x000000001ad13000 JavaThread "jar transforms Thread 13" [_thread_blocked, id=13212, stack(0x00000000259b0000,0x0000000025ab0000)]
  0x000000001ad12800 JavaThread "jar transforms Thread 12" [_thread_blocked, id=21680, stack(0x00000000258b0000,0x00000000259b0000)]
  0x00000000208ca000 JavaThread "jar transforms Thread 11" [_thread_blocked, id=25200, stack(0x00000000257b0000,0x00000000258b0000)]
  0x00000000208c8800 JavaThread "jar transforms Thread 10" [_thread_blocked, id=21668, stack(0x00000000256b0000,0x00000000257b0000)]
  0x00000000208c8000 JavaThread "jar transforms Thread 9" [_thread_blocked, id=22544, stack(0x00000000255b0000,0x00000000256b0000)]
  0x00000000208cb000 JavaThread "jar transforms Thread 8" [_thread_blocked, id=25500, stack(0x00000000254b0000,0x00000000255b0000)]
  0x00000000208c7000 JavaThread "jar transforms Thread 7" [_thread_blocked, id=21944, stack(0x00000000253b0000,0x00000000254b0000)]
  0x00000000208c9800 JavaThread "jar transforms Thread 6" [_thread_blocked, id=24816, stack(0x00000000252b0000,0x00000000253b0000)]
  0x00000000208cb800 JavaThread "jar transforms Thread 5" [_thread_blocked, id=5112, stack(0x00000000251b0000,0x00000000252b0000)]
  0x00000000208bf800 JavaThread "jar transforms Thread 4" [_thread_blocked, id=16644, stack(0x00000000250b0000,0x00000000251b0000)]
  0x00000000208c6800 JavaThread "jar transforms Thread 3" [_thread_blocked, id=14456, stack(0x0000000024fb0000,0x00000000250b0000)]
  0x00000000208c5000 JavaThread "jar transforms Thread 2" [_thread_blocked, id=23992, stack(0x0000000024eb0000,0x0000000024fb0000)]
  0x000000001ca26000 JavaThread "Cache worker for file content cache (C:\Users\Admin\.gradle\caches\6.5\fileContent)" [_thread_blocked, id=6796, stack(0x0000000022fe0000,0x00000000230e0000)]
  0x000000001ca27800 JavaThread "jar transforms" [_thread_blocked, id=11976, stack(0x0000000022ee0000,0x0000000022fe0000)]
  0x000000001ca28800 JavaThread "Cache worker for execution history cache (C:\Users\Admin\.gradle\caches\6.5\executionHistory)" [_thread_blocked, id=21940, stack(0x00000000226d0000,0x00000000227d0000)]
  0x000000001ca23000 JavaThread "Cache worker for file hash cache (C:\Users\Admin\.gradle\caches\6.5\fileHashes)" [_thread_blocked, id=19120, stack(0x000000001ece0000,0x000000001ede0000)]
  0x000000001ca22000 JavaThread "File lock request listener" [_thread_in_native, id=21728, stack(0x000000001ebe0000,0x000000001ece0000)]
  0x000000001b921000 JavaThread "Cache worker for journal cache (C:\Users\Admin\.gradle\caches\journal-1)" [_thread_blocked, id=23256, stack(0x000000001eae0000,0x000000001ebe0000)]
  0x000000001c0c0800 JavaThread "Daemon worker" [_thread_in_Java, id=21924, stack(0x000000001e4e0000,0x000000001e5e0000)]
  0x000000001c7a6800 JavaThread "Daemon" [_thread_blocked, id=21648, stack(0x000000001dee0000,0x000000001dfe0000)]
  0x000000001c7a3000 JavaThread "Daemon periodic checks" [_thread_blocked, id=14388, stack(0x000000001dde0000,0x000000001dee0000)]
  0x000000001c719800 JavaThread "Incoming local TCP Connector on port 57651" [_thread_in_native, id=21792, stack(0x000000001dba0000,0x000000001dca0000)]
  0x0000000019dfc800 JavaThread "Daemon health stats" [_thread_blocked, id=21960, stack(0x000000001d560000,0x000000001d660000)]
  0x0000000019d89800 JavaThread "Service Thread" daemon [_thread_blocked, id=23632, stack(0x000000001a9c0000,0x000000001aac0000)]
  0x0000000019d04000 JavaThread "C1 CompilerThread3" daemon [_thread_blocked, id=10356, stack(0x000000001a8c0000,0x000000001a9c0000)]
=>0x0000000019cfc000 JavaThread "C2 CompilerThread2" daemon [_thread_in_native, id=8904, stack(0x000000001a7c0000,0x000000001a8c0000)]
  0x0000000019cfa800 JavaThread "C2 CompilerThread1" daemon [_thread_in_vm, id=10572, stack(0x000000001a6c0000,0x000000001a7c0000)]
  0x0000000019cf3800 JavaThread "C2 CompilerThread0" daemon [_thread_in_native, id=23088, stack(0x000000001a5c0000,0x000000001a6c0000)]
  0x0000000019cf1000 JavaThread "Attach Listener" daemon [_thread_blocked, id=4900, stack(0x000000001a4c0000,0x000000001a5c0000)]
  0x0000000019cf0000 JavaThread "Signal Dispatcher" daemon [_thread_blocked, id=22984, stack(0x000000001a3c0000,0x000000001a4c0000)]
  0x0000000019ce0800 JavaThread "Finalizer" daemon [_thread_blocked, id=21184, stack(0x000000001a1c0000,0x000000001a2c0000)]
  0x0000000002e78000 JavaThread "Reference Handler" daemon [_thread_blocked, id=16036, stack(0x000000001a0c0000,0x000000001a1c0000)]
  0x0000000002d82800 JavaThread "main" [_thread_blocked, id=12036, stack(0x0000000002c80000,0x0000000002d80000)]

Other Threads:
  0x0000000017ee6800 VMThread [stack: 0x0000000019bc0000,0x0000000019cc0000] [id=26152]
  0x0000000019d8a000 WatcherThread [stack: 0x000000001aac0000,0x000000001abc0000] [id=22140]

VM state:not at safepoint (normal execution)

VM Mutex/Monitor currently owned by a thread: None

OutOfMemory and StackOverflow Exception counts:
StackOverflowErrors=1

heap address: 0x0000000080000000, size: 2048 MB, Compressed Oops mode: 32-bit
Narrow klass base: 0x0000000000000000, Narrow klass shift: 3
Compressed class space size: 1073741824 Address: 0x0000000100000000

Heap:
 PSYoungGen      total 636928K, used 251619K [0x00000000d5580000, 0x0000000100000000, 0x0000000100000000)
  eden space 581120K, 36% used [0x00000000d5580000,0x00000000e2740a70,0x00000000f8d00000)
  from space 55808K, 65% used [0x00000000f8d00000,0x00000000fb0f8450,0x00000000fc380000)
  to   space 56832K, 0% used [0x00000000fc880000,0x00000000fc880000,0x0000000100000000)
 ParOldGen       total 228864K, used 116639K [0x0000000080000000, 0x000000008df80000, 0x00000000d5580000)
  object space 228864K, 50% used [0x0000000080000000,0x00000000871e7d80,0x000000008df80000)
 Metaspace       used 94649K, capacity 99680K, committed 101272K, reserved 1136640K
  class space    used 12422K, capacity 13342K, committed 14000K, reserved 1048576K

Card table byte_map: [0x0000000012240000,0x0000000012650000] byte_map_base: 0x0000000011e40000

Marking Bits: (ParMarkBitMap*) 0x000000006221f030
 Begin Bits: [0x0000000013100000, 0x0000000015100000)
 End Bits:   [0x0000000015100000, 0x0000000017100000)

Polling page: 0x0000000002bd0000

CodeCache: size=245760Kb used=50777Kb max_used=50934Kb free=194982Kb
 bounds [0x0000000002e80000, 0x0000000006080000, 0x0000000011e80000]
 total_blobs=16471 nmethods=15591 adapters=789
 compilation: enabled

Compilation events (10 events):
Event: 63.966 Thread 0x0000000019cf3800 nmethod 18910 0x0000000003bdb010 code [0x0000000003bdb140, 0x0000000003bdb1f8]
Event: 63.969 Thread 0x0000000019d04000 18912       3       org.gradle.internal.concurrent.CompositeStoppable::<init> (16 bytes)
Event: 63.970 Thread 0x0000000019cf3800 18913       4       org.gradle.internal.service.DefaultServiceRegistry$OwnServices$ProviderAnalyser::analyseType (114 bytes)
Event: 63.970 Thread 0x0000000019d04000 nmethod 18912 0x0000000004d04cd0 code [0x0000000004d04e60, 0x0000000004d05210]
Event: 63.970 Thread 0x0000000019d04000 18914       3       java.net.URI::isOpaque (13 bytes)
Event: 63.970 Thread 0x0000000019cfc000 nmethod 18903 0x00000000057d7950 code [0x00000000057d7ae0, 0x00000000057d8078]
Event: 63.970 Thread 0x0000000019d04000 nmethod 18914 0x0000000004d04950 code [0x0000000004d04aa0, 0x0000000004d04c50]
Event: 63.971 Thread 0x0000000019d04000 18915       3       org.gradle.internal.event.DefaultListenerManager$EventBroadcast::buildAllWithLogger (57 bytes)
Event: 63.971 Thread 0x0000000019cfc000 18916       4       org.gradle.internal.service.DefaultServiceRegistry::find (142 bytes)
Event: 63.971 Thread 0x0000000019d04000 nmethod 18915 0x0000000004d01a50 code [0x0000000004d01c80, 0x0000000004d02b08]

GC Heap History (10 events):
Event: 16.445 GC heap before
{Heap before GC invocations=23 (full 4):
 PSYoungGen      total 637952K, used 624317K [0x00000000d5580000, 0x0000000100000000, 0x0000000100000000)
  eden space 584192K, 100% used [0x00000000d5580000,0x00000000f9000000,0x00000000f9000000)
  from space 53760K, 74% used [0x00000000fcb80000,0x00000000ff2af4e8,0x0000000100000000)
  to   space 57344K, 0% used [0x00000000f9000000,0x00000000f9000000,0x00000000fc800000)
 ParOldGen       total 228864K, used 103546K [0x0000000080000000, 0x000000008df80000, 0x00000000d5580000)
  object space 228864K, 45% used [0x0000000080000000,0x000000008651e8e0,0x000000008df80000)
 Metaspace       used 80143K, capacity 84492K, committed 87576K, reserved 1124352K
  class space    used 10942K, capacity 11739K, committed 12592K, reserved 1048576K
Event: 16.481 GC heap after
Heap after GC invocations=23 (full 4):
 PSYoungGen      total 623616K, used 39072K [0x00000000d5580000, 0x0000000100000000, 0x0000000100000000)
  eden space 584192K, 0% used [0x00000000d5580000,0x00000000d5580000,0x00000000f9000000)
  from space 39424K, 99% used [0x00000000f9000000,0x00000000fb6281f8,0x00000000fb680000)
  to   space 59392K, 0% used [0x00000000fc600000,0x00000000fc600000,0x0000000100000000)
 ParOldGen       total 228864K, used 107806K [0x0000000080000000, 0x000000008df80000, 0x00000000d5580000)
  object space 228864K, 47% used [0x0000000080000000,0x0000000086947b88,0x000000008df80000)
 Metaspace       used 80143K, capacity 84492K, committed 87576K, reserved 1124352K
  class space    used 10942K, capacity 11739K, committed 12592K, reserved 1048576K
}
Event: 17.784 GC heap before
{Heap before GC invocations=24 (full 4):
 PSYoungGen      total 623616K, used 623264K [0x00000000d5580000, 0x0000000100000000, 0x0000000100000000)
  eden space 584192K, 100% used [0x00000000d5580000,0x00000000f9000000,0x00000000f9000000)
  from space 39424K, 99% used [0x00000000f9000000,0x00000000fb6281f8,0x00000000fb680000)
  to   space 59392K, 0% used [0x00000000fc600000,0x00000000fc600000,0x0000000100000000)
 ParOldGen       total 228864K, used 107806K [0x0000000080000000, 0x000000008df80000, 0x00000000d5580000)
  object space 228864K, 47% used [0x0000000080000000,0x0000000086947b88,0x000000008df80000)
 Metaspace       used 80220K, capacity 84568K, committed 87576K, reserved 1124352K
  class space    used 10942K, capacity 11739K, committed 12592K, reserved 1048576K
Event: 17.827 GC heap after
Heap after GC invocations=24 (full 4):
 PSYoungGen      total 637440K, used 37399K [0x00000000d5580000, 0x0000000100000000, 0x0000000100000000)
  eden space 578048K, 0% used [0x00000000d5580000,0x00000000d5580000,0x00000000f8a00000)
  from space 59392K, 62% used [0x00000000fc600000,0x00000000fea85e00,0x0000000100000000)
  to   space 60416K, 0% used [0x00000000f8a00000,0x00000000f8a00000,0x00000000fc500000)
 ParOldGen       total 228864K, used 111913K [0x0000000080000000, 0x000000008df80000, 0x00000000d5580000)
  object space 228864K, 48% used [0x0000000080000000,0x0000000086d4a4c8,0x000000008df80000)
 Metaspace       used 80220K, capacity 84568K, committed 87576K, reserved 1124352K
  class space    used 10942K, capacity 11739K, committed 12592K, reserved 1048576K
}
Event: 19.928 GC heap before
{Heap before GC invocations=25 (full 4):
 PSYoungGen      total 637440K, used 615447K [0x00000000d5580000, 0x0000000100000000, 0x0000000100000000)
  eden space 578048K, 100% used [0x00000000d5580000,0x00000000f8a00000,0x00000000f8a00000)
  from space 59392K, 62% used [0x00000000fc600000,0x00000000fea85e00,0x0000000100000000)
  to   space 60416K, 0% used [0x00000000f8a00000,0x00000000f8a00000,0x00000000fc500000)
 ParOldGen       total 228864K, used 111913K [0x0000000080000000, 0x000000008df80000, 0x00000000d5580000)
  object space 228864K, 48% used [0x0000000080000000,0x0000000086d4a4c8,0x000000008df80000)
 Metaspace       used 80285K, capacity 84646K, committed 87576K, reserved 1124352K
  class space    used 10943K, capacity 11740K, committed 12592K, reserved 1048576K
Event: 19.954 GC heap after
Heap after GC invocations=25 (full 4):
 PSYoungGen      total 599552K, used 21367K [0x00000000d5580000, 0x00000000ffc00000, 0x0000000100000000)
  eden space 578048K, 0% used [0x00000000d5580000,0x00000000d5580000,0x00000000f8a00000)
  from space 21504K, 99% used [0x00000000f8a00000,0x00000000f9eddc48,0x00000000f9f00000)
  to   space 57856K, 0% used [0x00000000fc380000,0x00000000fc380000,0x00000000ffc00000)
 ParOldGen       total 228864K, used 116623K [0x0000000080000000, 0x000000008df80000, 0x00000000d5580000)
  object space 228864K, 50% used [0x0000000080000000,0x00000000871e3d80,0x000000008df80000)
 Metaspace       used 80285K, capacity 84646K, committed 87576K, reserved 1124352K
  class space    used 10943K, capacity 11740K, committed 12592K, reserved 1048576K
}
Event: 26.580 GC heap before
{Heap before GC invocations=26 (full 4):
 PSYoungGen      total 599552K, used 599415K [0x00000000d5580000, 0x00000000ffc00000, 0x0000000100000000)
  eden space 578048K, 100% used [0x00000000d5580000,0x00000000f8a00000,0x00000000f8a00000)
  from space 21504K, 99% used [0x00000000f8a00000,0x00000000f9eddc48,0x00000000f9f00000)
  to   space 57856K, 0% used [0x00000000fc380000,0x00000000fc380000,0x00000000ffc00000)
 ParOldGen       total 228864K, used 116623K [0x0000000080000000, 0x000000008df80000, 0x00000000d5580000)
  object space 228864K, 50% used [0x0000000080000000,0x00000000871e3d80,0x000000008df80000)
 Metaspace       used 83195K, capacity 87644K, committed 90392K, reserved 1126400K
  class space    used 11198K, capacity 12029K, committed 12848K, reserved 1048576K
Event: 26.600 GC heap after
Heap after GC invocations=26 (full 4):
 PSYoungGen      total 638976K, used 21051K [0x00000000d5580000, 0x0000000100000000, 0x0000000100000000)
  eden space 581120K, 0% used [0x00000000d5580000,0x00000000d5580000,0x00000000f8d00000)
  from space 57856K, 36% used [0x00000000fc380000,0x00000000fd80edd8,0x00000000ffc00000)
  to   space 55808K, 0% used [0x00000000f8d00000,0x00000000f8d00000,0x00000000fc380000)
 ParOldGen       total 228864K, used 116631K [0x0000000080000000, 0x000000008df80000, 0x00000000d5580000)
  object space 228864K, 50% used [0x0000000080000000,0x00000000871e5d80,0x000000008df80000)
 Metaspace       used 83195K, capacity 87644K, committed 90392K, reserved 1126400K
  class space    used 11198K, capacity 12029K, committed 12848K, reserved 1048576K
}
Event: 40.674 GC heap before
{Heap before GC invocations=27 (full 4):
 PSYoungGen      total 638976K, used 602171K [0x00000000d5580000, 0x0000000100000000, 0x0000000100000000)
  eden space 581120K, 100% used [0x00000000d5580000,0x00000000f8d00000,0x00000000f8d00000)
  from space 57856K, 36% used [0x00000000fc380000,0x00000000fd80edd8,0x00000000ffc00000)
  to   space 55808K, 0% used [0x00000000f8d00000,0x00000000f8d00000,0x00000000fc380000)
 ParOldGen       total 228864K, used 116631K [0x0000000080000000, 0x000000008df80000, 0x00000000d5580000)
  object space 228864K, 50% used [0x0000000080000000,0x00000000871e5d80,0x000000008df80000)
 Metaspace       used 93723K, capacity 98606K, committed 100376K, reserved 1136640K
  class space    used 12361K, capacity 13269K, committed 13872K, reserved 1048576K
Event: 40.711 GC heap after
Heap after GC invocations=27 (full 4):
 PSYoungGen      total 636928K, used 36833K [0x00000000d5580000, 0x0000000100000000, 0x0000000100000000)
  eden space 581120K, 0% used [0x00000000d5580000,0x00000000d5580000,0x00000000f8d00000)
  from space 55808K, 65% used [0x00000000f8d00000,0x00000000fb0f8450,0x00000000fc380000)
  to   space 56832K, 0% used [0x00000000fc880000,0x00000000fc880000,0x0000000100000000)
 ParOldGen       total 228864K, used 116639K [0x0000000080000000, 0x000000008df80000, 0x00000000d5580000)
  object space 228864K, 50% used [0x0000000080000000,0x00000000871e7d80,0x000000008df80000)
 Metaspace       used 93723K, capacity 98606K, committed 100376K, reserved 1136640K
  class space    used 12361K, capacity 13269K, committed 13872K, reserved 1048576K
}

Deoptimization events (10 events):
Event: 41.506 Thread 0x000000001b804000 Uncommon trap: reason=class_check action=maybe_recompile pc=0x00000000030a10a8 method=org.gradle.api.internal.artifacts.ivyservice.dependencysubstitution.DefaultDependencySubstitutions$ModuleMatchDependencySubstitutionAction.execute(Lorg/gradle/api/artifa
Event: 41.506 Thread 0x000000001b804000 Uncommon trap: reason=class_check action=maybe_recompile pc=0x00000000030a10a8 method=org.gradle.api.internal.artifacts.ivyservice.dependencysubstitution.DefaultDependencySubstitutions$ModuleMatchDependencySubstitutionAction.execute(Lorg/gradle/api/artifa
Event: 41.506 Thread 0x000000001b804000 Uncommon trap: reason=class_check action=maybe_recompile pc=0x00000000030a10a8 method=org.gradle.api.internal.artifacts.ivyservice.dependencysubstitution.DefaultDependencySubstitutions$ModuleMatchDependencySubstitutionAction.execute(Lorg/gradle/api/artifa
Event: 41.557 Thread 0x000000001b804000 Uncommon trap: reason=unstable_if action=reinterpret pc=0x0000000005fb72f8 method=com.esotericsoftware.kryo.io.Output.writeString(Ljava/lang/String;)V @ 93
Event: 41.789 Thread 0x000000001c0c0800 Uncommon trap: reason=bimorphic action=maybe_recompile pc=0x0000000005ff3374 method=org.gradle.internal.logging.sink.OutputEventRenderer.onOutput(Lorg/gradle/internal/logging/events/OutputEvent;)V @ 1
Event: 41.790 Thread 0x000000001c0c0800 Uncommon trap: reason=bimorphic action=maybe_recompile pc=0x0000000005ff3374 method=org.gradle.internal.logging.sink.OutputEventRenderer.onOutput(Lorg/gradle/internal/logging/events/OutputEvent;)V @ 1
Event: 41.790 Thread 0x000000001c0c0800 Uncommon trap: reason=bimorphic action=maybe_recompile pc=0x0000000005ff3374 method=org.gradle.internal.logging.sink.OutputEventRenderer.onOutput(Lorg/gradle/internal/logging/events/OutputEvent;)V @ 1
Event: 41.805 Thread 0x000000001c0c0800 Uncommon trap: reason=class_check action=maybe_recompile pc=0x0000000005bc1550 method=java.util.HashMap.removeNode(ILjava/lang/Object;Ljava/lang/Object;ZZ)Ljava/util/HashMap$Node; @ 143
Event: 41.817 Thread 0x000000001c0c0800 Uncommon trap: reason=bimorphic action=maybe_recompile pc=0x0000000005ff3374 method=org.gradle.internal.logging.sink.OutputEventRenderer.onOutput(Lorg/gradle/internal/logging/events/OutputEvent;)V @ 1
Event: 41.852 Thread 0x0000000032c03000 Uncommon trap: reason=unstable_if action=reinterpret pc=0x0000000003c87084 method=com.esotericsoftware.kryo.io.Input.require(I)I @ 180

Classes redefined (0 events):
No events

Internal exceptions (10 events):
Event: 41.429 Thread 0x000000001b804000 Exception <a 'java/lang/NoSuchMethodError': <clinit>> (0x00000000df5f4fd0) thrown at [C:\src\AOSP-openjdk-git\hotspot\src\share\vm\prims\jni.cpp, line 1615]
Event: 41.439 Thread 0x000000001d066000 Exception <a 'sun/nio/fs/WindowsException'> (0x00000000df66c618) thrown at [C:\src\AOSP-openjdk-git\hotspot\src\share\vm\prims\jni.cpp, line 710]
Event: 41.439 Thread 0x000000001d066000 Exception <a 'sun/nio/fs/WindowsException'> (0x00000000df66ce10) thrown at [C:\src\AOSP-openjdk-git\hotspot\src\share\vm\prims\jni.cpp, line 710]
Event: 41.439 Thread 0x000000001d066000 Exception <a 'sun/nio/fs/WindowsException'> (0x00000000df66d2b8) thrown at [C:\src\AOSP-openjdk-git\hotspot\src\share\vm\prims\jni.cpp, line 710]
Event: 41.448 Thread 0x000000001b809800 Exception <a 'sun/nio/fs/WindowsException'> (0x00000000dcb18978) thrown at [C:\src\AOSP-openjdk-git\hotspot\src\share\vm\prims\jni.cpp, line 710]
Event: 41.448 Thread 0x000000001b809800 Exception <a 'sun/nio/fs/WindowsException'> (0x00000000dcb19a30) thrown at [C:\src\AOSP-openjdk-git\hotspot\src\share\vm\prims\jni.cpp, line 710]
Event: 41.455 Thread 0x000000001b809800 Exception <a 'java/lang/NoSuchMethodError': <clinit>> (0x00000000dcb3a2a8) thrown at [C:\src\AOSP-openjdk-git\hotspot\src\share\vm\prims\jni.cpp, line 1615]
Event: 41.458 Thread 0x000000001d065000 Exception <a 'sun/nio/fs/WindowsException'> (0x00000000df6d94d0) thrown at [C:\src\AOSP-openjdk-git\hotspot\src\share\vm\prims\jni.cpp, line 710]
Event: 41.604 Thread 0x000000001b804000 Exception <a 'sun/nio/fs/WindowsException'> (0x00000000e0e92ae8) thrown at [C:\src\AOSP-openjdk-git\hotspot\src\share\vm\prims\jni.cpp, line 710]
Event: 41.604 Thread 0x000000001b804000 Exception <a 'sun/nio/fs/WindowsException'> (0x00000000e0e937e8) thrown at [C:\src\AOSP-openjdk-git\hotspot\src\share\vm\prims\jni.cpp, line 710]

Events (10 events):
Event: 60.883 loading class org/gradle/workers/internal/WorkerDaemonClient done
Event: 63.954 Thread 0x000000001d065000 Thread added: 0x000000001d065000
Event: 63.954 Executing VM operation: RevokeBias
Event: 63.955 Executing VM operation: RevokeBias done
Event: 63.956 Thread 0x000000001d065000 DEOPT PACKING pc=0x000000000330af4d sp=0x0000000000fcda20
Event: 63.956 Thread 0x000000001d065000 DEOPT UNPACKING pc=0x0000000002ec75d0 sp=0x0000000000fcd768 mode 0
Event: 63.957 Thread 0x000000001d066000 Thread added: 0x000000001d066000
Event: 63.964 Thread 0x000000001d060000 Thread added: 0x000000001d060000
Event: 63.964 Thread 0x000000001d06b000 Thread added: 0x000000001d06b000
Event: 63.964 Thread 0x000000001d069000 Thread added: 0x000000001d069000


Dynamic libraries:
0x00007ff7a66e0000 - 0x00007ff7a6711000 	C:\Program Files\Android\Android Studio\jre\bin\java.exe
0x00007ffa4f5f0000 - 0x00007ffa4f7e6000 	C:\WINDOWS\SYSTEM32\ntdll.dll
0x00007ffa4de70000 - 0x00007ffa4df2d000 	C:\WINDOWS\System32\KERNEL32.DLL
0x00007ffa4cfd0000 - 0x00007ffa4d299000 	C:\WINDOWS\System32\KERNELBASE.dll
0x00007ffa4df90000 - 0x00007ffa4e03c000 	C:\WINDOWS\System32\ADVAPI32.dll
0x00007ffa4e1d0000 - 0x00007ffa4e26e000 	C:\WINDOWS\System32\msvcrt.dll
0x00007ffa4f3d0000 - 0x00007ffa4f46c000 	C:\WINDOWS\System32\sechost.dll
0x00007ffa4e040000 - 0x00007ffa4e16b000 	C:\WINDOWS\System32\RPCRT4.dll
0x00007ffa4f010000 - 0x00007ffa4f1b0000 	C:\WINDOWS\System32\USER32.dll
0x00007ffa4d2a0000 - 0x00007ffa4d2c2000 	C:\WINDOWS\System32\win32u.dll
0x00007ffa4ddb0000 - 0x00007ffa4ddda000 	C:\WINDOWS\System32\GDI32.dll
0x00007ffa4cec0000 - 0x00007ffa4cfcb000 	C:\WINDOWS\System32\gdi32full.dll
0x00007ffa4d5b0000 - 0x00007ffa4d64d000 	C:\WINDOWS\System32\msvcp_win.dll
0x00007ffa4d480000 - 0x00007ffa4d580000 	C:\WINDOWS\System32\ucrtbase.dll
0x00007ffa2f860000 - 0x00007ffa2fafb000 	C:\WINDOWS\WinSxS\amd64_microsoft.windows.common-controls_6595b64144ccf1df_6.0.19041.746_none_ca02b4b61b8320a4\COMCTL32.dll
0x00007ffa4ef80000 - 0x00007ffa4efb0000 	C:\WINDOWS\System32\IMM32.DLL
0x0000000061970000 - 0x0000000061a42000 	C:\Program Files\Android\Android Studio\jre\jre\bin\msvcr100.dll
0x0000000061a50000 - 0x000000006229b000 	C:\Program Files\Android\Android Studio\jre\jre\bin\server\jvm.dll
0x00007ffa4d650000 - 0x00007ffa4d658000 	C:\WINDOWS\System32\PSAPI.DLL
0x00007ffa42f90000 - 0x00007ffa42f9a000 	C:\WINDOWS\SYSTEM32\VERSION.dll
0x00007ffa45030000 - 0x00007ffa45039000 	C:\WINDOWS\SYSTEM32\WSOCK32.dll
0x00007ffa2fcb0000 - 0x00007ffa2fcd7000 	C:\WINDOWS\SYSTEM32\WINMM.dll
0x00007ffa4e8f0000 - 0x00007ffa4e95b000 	C:\WINDOWS\System32\WS2_32.dll
0x00007ffa43c40000 - 0x00007ffa43c4f000 	C:\Program Files\Android\Android Studio\jre\jre\bin\verify.dll
0x00007ffa41cc0000 - 0x00007ffa41ce9000 	C:\Program Files\Android\Android Studio\jre\jre\bin\java.dll
0x00007ffa359c0000 - 0x00007ffa359d6000 	C:\Program Files\Android\Android Studio\jre\jre\bin\zip.dll
0x00007ffa4d660000 - 0x00007ffa4dda3000 	C:\WINDOWS\System32\SHELL32.dll
0x00007ffa4aad0000 - 0x00007ffa4b25f000 	C:\WINDOWS\SYSTEM32\windows.storage.dll
0x00007ffa4e390000 - 0x00007ffa4e6e6000 	C:\WINDOWS\System32\combase.dll
0x00007ffa4c790000 - 0x00007ffa4c7bc000 	C:\WINDOWS\SYSTEM32\Wldp.dll
0x00007ffa4e840000 - 0x00007ffa4e8ee000 	C:\WINDOWS\System32\SHCORE.dll
0x00007ffa4f2a0000 - 0x00007ffa4f2f5000 	C:\WINDOWS\System32\shlwapi.dll
0x00007ffa4cc60000 - 0x00007ffa4cc86000 	C:\WINDOWS\SYSTEM32\profapi.dll
0x00007ffa2de10000 - 0x00007ffa2de2a000 	C:\Program Files\Android\Android Studio\jre\jre\bin\net.dll
0x00007ffa4c510000 - 0x00007ffa4c57a000 	C:\WINDOWS\system32\mswsock.dll
0x00007ffa0a830000 - 0x00007ffa0a843000 	C:\Program Files\Android\Android Studio\jre\jre\bin\nio.dll
0x00007ffa18510000 - 0x00007ffa18537000 	C:\Users\Admin\.gradle\native\f6784746aeab05261644944871eae4fe03e0ef1612fff0a4a95f87b438bc6780\windows-amd64\native-platform.dll
0x00007ffa3aec0000 - 0x00007ffa3aecd000 	C:\Program Files\Android\Android Studio\jre\jre\bin\management.dll
0x00007ffa4c6f0000 - 0x00007ffa4c708000 	C:\WINDOWS\SYSTEM32\CRYPTSP.dll
0x00007ffa4be40000 - 0x00007ffa4be74000 	C:\WINDOWS\system32\rsaenh.dll
0x00007ffa4d580000 - 0x00007ffa4d5a7000 	C:\WINDOWS\System32\bcrypt.dll
0x00007ffa4cc20000 - 0x00007ffa4cc4e000 	C:\WINDOWS\SYSTEM32\USERENV.dll
0x00007ffa4cd90000 - 0x00007ffa4ce10000 	C:\WINDOWS\System32\bcryptprimitives.dll
0x00007ffa4c6e0000 - 0x00007ffa4c6ec000 	C:\WINDOWS\SYSTEM32\CRYPTBASE.dll
0x00007ffa4c1b0000 - 0x00007ffa4c1eb000 	C:\WINDOWS\SYSTEM32\IPHLPAPI.DLL
0x00007ffa4f5a0000 - 0x00007ffa4f5a8000 	C:\WINDOWS\System32\NSI.dll
0x00007ffa41c30000 - 0x00007ffa41c47000 	C:\WINDOWS\SYSTEM32\dhcpcsvc6.DLL
0x00007ffa41b40000 - 0x00007ffa41b5d000 	C:\WINDOWS\SYSTEM32\dhcpcsvc.DLL
0x00007ffa4c240000 - 0x00007ffa4c30b000 	C:\WINDOWS\SYSTEM32\DNSAPI.dll
0x00007ffa42ed0000 - 0x00007ffa42edb000 	C:\WINDOWS\SYSTEM32\WINNSI.DLL

VM Arguments:
jvm_args: -Xmx2048m -Dfile.encoding=UTF-8 -Duser.country=US -Duser.language=en -Duser.variant 
java_command: org.gradle.launcher.daemon.bootstrap.GradleDaemon 6.5
java_class_path (initial): C:\Users\Admin\.gradle\wrapper\dists\gradle-6.5-bin\6nifqtx7604sqp1q6g8wikw7p\gradle-6.5\lib\gradle-launcher-6.5.jar
Launcher Type: SUN_STANDARD

Environment Variables:
JAVA_HOME=C:\Program Files\OpenJDK\openjdk-8u275-b01
PATH=C:\Program Files (x86)\Common Files\Oracle\Java\javapath;C:\windows\system32;C:\windows;C:\windows\System32\Wbem;C:\windows\System32\WindowsPowerShell\v1.0\;C:\windows\System32\OpenSSH\;C:\Program Files (x86)\NVIDIA Corporation\PhysX\Common;C:\Program Files\NVIDIA Corporation\NVIDIA NvDLISR;C:\WINDOWS\system32;C:\WINDOWS;C:\WINDOWS\System32\Wbem;C:\WINDOWS\System32\WindowsPowerShell\v1.0\;C:\WINDOWS\System32\OpenSSH\;C:\apache-maven-3.6.0\bin;C:\Program Files\dotnet\;C:\Program Files\Microsoft SQL Server\130\Tools\Binn\;C:\Program Files\Microsoft SQL Server\120\Tools\Binn\;C:\Program Files\Microsoft SQL Server\Client SDK\ODBC\110\Tools\Binn\;C:\Program Files (x86)\Microsoft SQL Server\120\Tools\Binn\;C:\Program Files\Microsoft SQL Server\120\DTS\Binn\;C:\Program Files (x86)\Microsoft SQL Server\120\Tools\Binn\ManagementStudio\;C:\Program Files (x86)\Microsoft SQL Server\120\DTS\Binn\;C:\Program Files\Microsoft SQL Server\Client SDK\ODBC\170\Tools\Binn\;C:\Program Files\Git\cmd;C:\ProgramData\chocolatey\bin;C:\Program Files\nodejs\;C:\Program Files\OpenJDK\openjdk-8u275-b01\bin;%LOCALAPPDATA%\Android\Sdk\platform-tools;C:\Users\Admin\AppData\Local\Microsoft\WindowsApps;C:\Users\Admin\.dotnet\tools;C:\Users\Admin\AppData\Local\Programs\Microsoft VS Code\bin;C:\Users\Admin\AppData\Local\GitHubDesktop\bin;C:\Program Files\heroku\bin;C:\Users\Admin\AppData\Roaming\npm
USERNAME=Admin
OS=Windows_NT
PROCESSOR_IDENTIFIER=Intel64 Family 6 Model 142 Stepping 12, GenuineIntel



---------------  S Y S T E M  ---------------

OS: Windows 10.0 , 64 bit Build 19041 (10.0.19041.662)

CPU:total 8 (initial active 8) (4 cores per cpu, 2 threads per core) family 6 model 142 stepping 12, cmov, cx8, fxsr, mmx, sse, sse2, sse3, ssse3, sse4.1, sse4.2, popcnt, avx, avx2, aes, clmul, erms, 3dnowpref, lzcnt, ht, tsc, tscinvbit, bmi1, bmi2, adx

Memory: 4k page, physical 8187892k(238104k free), swap 12283892k(936k free)

vm_info: OpenJDK 64-Bit Server VM (25.242-b01) for windows-amd64 JRE (1.8.0_242-release-1644-b01), built by "builder" with MS VC++ 10.0 (VS2010)

time: Fri Jan 22 08:06:52 2021
timezone: SE Asia Standard Time
elapsed time: 63 seconds (0d 0h 1m 3s)

